2026-05-03 20:24:21.658 [info] Reading sessions from keychain...
2026-05-03 20:24:21.658 [info] Getting sessions for all scopes...
2026-05-03 20:24:21.672 [info] Got stored sessions!
2026-05-03 20:24:21.672 [info] Got 1 verified sessions.
2026-05-03 20:24:21.672 [info] Got 1 sessions for ...
2026-05-03 20:24:21.672 [info] Getting sessions for all scopes...
2026-05-03 20:24:21.672 [info] Got 1 sessions for ...
2026-05-03 20:24:21.672 [info] Getting sessions for all scopes...
2026-05-03 20:24:21.672 [info] Got 1 sessions for ...
2026-05-03 20:24:21.672 [info] Getting sessions for all scopes...
2026-05-03 20:24:21.672 [info] Got 1 sessions for ...
2026-05-03 20:24:21.705 [info] Getting sessions for all scopes...
2026-05-03 20:24:21.706 [info] Got 1 sessions for ...
2026-05-03 20:24:22.964 [info] Getting sessions for all scopes...
2026-05-03 20:24:22.964 [info] Got 1 sessions for ...
2026-05-03 20:24:22.989 [info] Getting sessions for all scopes...
2026-05-03 20:24:22.989 [info] Got 1 sessions for ...
2026-05-03 20:24:23.069 [info] Getting sessions for read:user,repo,user:email,workflow...
2026-05-03 20:24:23.069 [info] Got 1 sessions for read:user,repo,user:email,workflow...
2026-05-03 20:24:23.092 [info] Getting sessions for all scopes...
2026-05-03 20:24:23.092 [info] Got 1 sessions for ...
2026-05-03 20:24:23.093 [info] Getting sessions for read:user,repo,user:email,workflow...
2026-05-03 20:24:23.093 [info] Got 1 sessions for read:user,repo,user:email,workflow...
2026-05-03 20:24:23.156 [info] FetcherService: Node fetch failed with status: 429 Too Many Requests
2026-05-03 20:24:23.157 [info] Unable to resolve optional EDU details. Status: 429 Too Many Requests
2026-05-03 20:24:23.306 [info] Getting sessions for all scopes...
2026-05-03 20:24:23.306 [info] Got 1 sessions for ...
2026-05-03 20:24:23.306 [info] Getting sessions for all scopes...
2026-05-03 20:24:23.306 [info] Got 1 sessions for ...
2026-05-03 20:24:23.738 [info] Getting sessions for read:user,repo,user:email,workflow...
2026-05-03 20:24:23.738 [info] Got 1 sessions for read:user,repo,user:email,workflow...
2026-05-03 20:24:23.752 [info] Getting sessions for all scopes...
2026-05-03 20:24:23.752 [info] Got 1 sessions for ...
2026-05-03 20:24:23.911 [info] Getting sessions for all scopes...
2026-05-03 20:24:23.911 [info] Got 1 sessions for ...
2026-05-03 20:24:23.912 [info] Getting sessions for read:user,repo,user:email,workflow...
2026-05-03 20:24:23.912 [info] Got 1 sessions for read:user,repo,user:email,workflow...
2026-05-03 20:24:23.963 [info] Getting sessions for all scopes...
2026-05-03 20:24:23.963 [info] Got 1 sessions for ...
2026-05-03 20:24:23.963 [info] Getting sessions for all scopes...
2026-05-03 20:24:23.963 [info] Got 1 sessions for ...
2026-05-03 20:24:23.985 [info] Getting sessions for read:user,repo,user:email,workflow...
2026-05-03 20:24:23.985 [info] Got 1 sessions for read:user,repo,user:email,workflow...
2026-05-03 20:24:24.045 [info] Getting sessions for all scopes...
2026-05-03 20:24:24.045 [info] Got 1 sessions for ...
2026-05-03 20:24:24.046 [info] Getting sessions for all scopes...
2026-05-03 20:24:24.046 [info] Got 1 sessions for ...
2026-05-03 20:24:24.051 [info] Getting sessions for read:user,repo,user:email,workflow...
2026-05-03 20:24:24.051 [info] Got 1 sessions for read:user,repo,user:email,workflow...
2026-05-03 20:24:24.109 [info] Getting sessions for all scopes...
2026-05-03 20:24:24.109 [info] Got 1 sessions for ...
2026-05-03 20:24:24.142 [info] Getting sessions for all scopes...
2026-05-03 20:24:24.142 [info] Got 1 sessions for ...
2026-05-03 20:24:24.143 [info] Getting sessions for all scopes...
2026-05-03 20:24:24.143 [info] Got 1 sessions for ...
2026-05-03 20:24:24.146 [info] Getting sessions for read:user,repo,user:email,workflow...
2026-05-03 20:24:24.146 [info] Got 1 sessions for read:user,repo,user:email,workflow...
2026-05-03 20:24:24.203 [info] Getting sessions for all scopes...
2026-05-03 20:24:24.203 [info] Got 1 sessions for ...
2026-05-03 20:24:24.203 [info] Getting sessions for read:user,repo,user:email,workflow...
2026-05-03 20:24:24.203 [info] Got 1 sessions for read:user,repo,user:email,workflow...
2026-05-03 20:24:24.521 [info] Getting sessions for all scopes...
2026-05-03 20:24:24.521 [info] Got 1 sessions for ...
2026-05-03 20:24:24.522 [info] Getting sessions for read:user,repo,user:email,workflow...
2026-05-03 20:24:24.522 [info] Got 1 sessions for read:user,repo,user:email,workflow...
