2024-03-28 10:45:26.276 [info] Extension host with pid 23831 started
2024-03-28 10:45:26.276 [info] Skipping acquiring lock for /home/cm/.config/Code/User/workspaceStorage/6c29011c24675887e410d1561b91ed8f.
2024-03-28 10:45:26.313 [info] ExtensionService#_doActivateExtension vscode.emmet, startup: false, activationEvent: 'onLanguage'
2024-03-28 10:45:26.326 [info] ExtensionService#_doActivateExtension James-Yu.latex-workshop, startup: false, activationEvent: 'onLanguage:latex'
2024-03-28 10:45:26.568 [warning] DiagnosticCollection with name 'BibTeX' does already exist.
2024-03-28 10:45:26.571 [info] ExtensionService#_doActivateExtension mathematic.vscode-latex, startup: false, activationEvent: 'onLanguage:latex'
2024-03-28 10:45:26.604 [info] ExtensionService#_doActivateExtension vscode.git-base, startup: true, activationEvent: '*', root cause: vscode.git
2024-03-28 10:45:26.606 [info] ExtensionService#_doActivateExtension ecmel.vscode-html-css, startup: true, activationEvent: '*'
2024-03-28 10:45:26.676 [info] ExtensionService#_doActivateExtension vscode.git, startup: true, activationEvent: '*'
2024-03-28 10:45:26.730 [info] ExtensionService#_doActivateExtension vscode.github, startup: true, activationEvent: '*'
2024-03-28 10:45:26.823 [info] Eager extensions activated
2024-03-28 10:45:26.850 [info] ExtensionService#_doActivateExtension vscode.debug-auto-launch, startup: false, activationEvent: 'onStartupFinished'
2024-03-28 10:45:26.894 [info] ExtensionService#_doActivateExtension vscode.merge-conflict, startup: false, activationEvent: 'onStartupFinished'
2024-03-28 10:45:26.914 [info] ExtensionService#_doActivateExtension fnando.linter, startup: false, activationEvent: 'onStartupFinished'
2024-03-28 10:45:27.037 [info] ExtensionService#_doActivateExtension vscode.extension-editing, startup: false, activationEvent: 'onLanguage:markdown'
2024-03-28 10:45:27.046 [info] ExtensionService#_doActivateExtension vscode.markdown-language-features, startup: false, activationEvent: 'onLanguage:markdown'
2024-03-28 10:45:27.107 [info] ExtensionService#_doActivateExtension yzhang.markdown-all-in-one, startup: false, activationEvent: 'onLanguage:markdown'
2024-03-28 10:45:27.204 [info] ExtensionService#_doActivateExtension vscode.markdown-math, startup: false, activationEvent: 'api', root cause: yzhang.markdown-all-in-one
2024-03-28 10:45:31.537 [info] ExtensionService#_doActivateExtension shakram02.bash-beautify, startup: false, activationEvent: 'onLanguage:shellscript'
2024-03-28 10:46:23.568 [info] Extension host terminating: renderer closed the MessagePort
2024-03-28 10:46:23.577 [info] Extension host with pid 23831 exiting with code 0
