2026-05-03 19:15:16.947 [info] [main] Log level: Info
2026-05-03 19:15:16.947 [info] [main] Validating found git in: "git"
2026-05-03 19:15:16.947 [info] [main] Using git "2.54.0" from "git"
2026-05-03 19:15:16.947 [info] [Model][doInitialScan] Initial repository scan started
2026-05-03 19:15:16.947 [info] > git rev-parse --show-toplevel [10ms]
2026-05-03 19:15:16.947 [info] > git rev-parse --show-toplevel [2ms]
2026-05-03 19:15:16.947 [info] > git rev-parse --show-toplevel [6ms]
2026-05-03 19:15:16.947 [info] > git rev-parse --show-toplevel [1ms]
2026-05-03 19:15:16.947 [info] > git rev-parse --show-toplevel [0ms]
2026-05-03 19:15:16.947 [info] > git rev-parse --show-toplevel [1ms]
2026-05-03 19:15:16.947 [info] > git rev-parse --show-toplevel [14ms]
2026-05-03 19:15:17.277 [info] > git rev-parse --show-toplevel [326ms]
2026-05-03 19:15:17.345 [info] > git rev-parse --show-toplevel [6ms]
2026-05-03 19:15:17.800 [info] > git rev-parse --show-toplevel [294ms]
2026-05-03 19:15:17.839 [info] > git rev-parse --show-toplevel [23ms]
2026-05-03 19:15:17.905 [info] > git rev-parse --show-toplevel [1ms]
2026-05-03 19:15:17.910 [info] > git rev-parse --show-toplevel [0ms]
2026-05-03 19:15:17.914 [info] > git rev-parse --show-toplevel [0ms]
2026-05-03 19:15:17.918 [info] > git rev-parse --show-toplevel [0ms]
2026-05-03 19:15:17.922 [info] > git rev-parse --show-toplevel [1ms]
2026-05-03 19:15:17.925 [info] > git rev-parse --show-toplevel [0ms]
2026-05-03 19:15:17.929 [info] > git rev-parse --show-toplevel [0ms]
2026-05-03 19:15:17.933 [info] > git rev-parse --show-toplevel [1ms]
2026-05-03 19:15:17.937 [info] > git rev-parse --show-toplevel [1ms]
2026-05-03 19:15:17.941 [info] > git rev-parse --show-toplevel [1ms]
2026-05-03 19:15:17.946 [info] > git rev-parse --show-toplevel [2ms]
2026-05-03 19:15:17.950 [info] > git rev-parse --show-toplevel [0ms]
2026-05-03 19:15:17.955 [info] > git rev-parse --show-toplevel [1ms]
2026-05-03 19:15:17.960 [info] > git rev-parse --show-toplevel [2ms]
2026-05-03 19:15:17.965 [info] > git rev-parse --show-toplevel [1ms]
2026-05-03 19:15:17.972 [info] > git rev-parse --show-toplevel [3ms]
2026-05-03 19:15:17.983 [info] > git rev-parse --show-toplevel [4ms]
2026-05-03 19:15:17.990 [info] > git rev-parse --show-toplevel [1ms]
2026-05-03 19:15:17.996 [info] > git rev-parse --show-toplevel [1ms]
2026-05-03 19:15:18.001 [info] > git rev-parse --show-toplevel [0ms]
2026-05-03 19:15:18.006 [info] > git rev-parse --show-toplevel [0ms]
2026-05-03 19:15:18.011 [info] > git rev-parse --show-toplevel [0ms]
2026-05-03 19:15:18.015 [info] > git rev-parse --show-toplevel [0ms]
2026-05-03 19:15:18.019 [info] > git rev-parse --show-toplevel [0ms]
2026-05-03 19:15:18.024 [info] > git rev-parse --show-toplevel [2ms]
2026-05-03 19:15:18.028 [info] > git rev-parse --show-toplevel [0ms]
2026-05-03 19:15:18.032 [info] > git rev-parse --show-toplevel [0ms]
2026-05-03 19:15:18.036 [info] > git rev-parse --show-toplevel [1ms]
2026-05-03 19:15:18.040 [info] > git rev-parse --show-toplevel [1ms]
2026-05-03 19:15:18.043 [info] > git rev-parse --show-toplevel [0ms]
2026-05-03 19:15:18.048 [info] > git rev-parse --show-toplevel [1ms]
2026-05-03 19:15:18.053 [info] > git rev-parse --show-toplevel [1ms]
2026-05-03 19:15:18.056 [info] > git rev-parse --show-toplevel [0ms]
2026-05-03 19:15:18.060 [info] > git rev-parse --show-toplevel [0ms]
2026-05-03 19:15:18.063 [info] > git rev-parse --show-toplevel [0ms]
2026-05-03 19:15:18.067 [info] > git rev-parse --show-toplevel [0ms]
2026-05-03 19:15:18.071 [info] > git rev-parse --show-toplevel [0ms]
2026-05-03 19:15:18.074 [info] > git rev-parse --show-toplevel [0ms]
2026-05-03 19:15:18.077 [info] > git rev-parse --show-toplevel [0ms]
2026-05-03 19:15:18.081 [info] > git rev-parse --show-toplevel [0ms]
2026-05-03 19:15:18.085 [info] > git rev-parse --show-toplevel [0ms]
2026-05-03 19:15:18.090 [info] > git rev-parse --show-toplevel [1ms]
2026-05-03 19:15:18.091 [info] [Model][doInitialScan] Initial repository scan completed - repositories (0), closed repositories (0), parent repositories (2), unsafe repositories (0)
2026-05-03 19:15:18.097 [info] > git rev-parse --show-toplevel [1ms]
2026-05-03 19:15:18.102 [info] > git rev-parse --show-toplevel [2ms]
2026-05-03 19:15:18.487 [info] > git rev-parse --show-toplevel [1ms]
2026-05-03 19:15:22.559 [info] > git rev-parse --show-toplevel [0ms]
2026-05-03 19:19:27.343 [info] [main] Log level: Info
2026-05-03 19:19:27.343 [info] [main] Validating found git in: "git"
2026-05-03 19:19:27.343 [info] [main] Using git "2.54.0" from "git"
2026-05-03 19:19:27.343 [info] [Model][doInitialScan] Initial repository scan started
2026-05-03 19:19:27.343 [info] > git rev-parse --show-toplevel [6ms]
2026-05-03 19:19:27.345 [info] [Model][doInitialScan] Initial repository scan completed - repositories (0), closed repositories (0), parent repositories (1), unsafe repositories (0)
2026-05-03 19:19:28.223 [info] > git rev-parse --show-toplevel [287ms]
2026-05-03 19:19:28.261 [info] > git rev-parse --show-toplevel [12ms]
2026-05-03 19:19:28.269 [info] > git rev-parse --show-toplevel [2ms]
2026-05-03 19:19:28.667 [info] > git rev-parse --show-toplevel [1ms]
2026-05-03 19:19:41.431 [info] > git rev-parse --show-toplevel [1ms]
2026-05-03 19:19:46.538 [info] > git rev-parse --show-toplevel [1ms]
2026-05-03 19:19:51.520 [info] > git rev-parse --show-toplevel [1ms]
2026-05-03 19:21:49.659 [info] > git rev-parse --show-toplevel [1ms]
2026-05-03 19:22:18.985 [info] > git rev-parse --show-toplevel [1ms]
2026-05-03 19:22:27.689 [info] > git rev-parse --show-toplevel [0ms]
2026-05-03 19:22:37.110 [info] > git rev-parse --show-toplevel [0ms]
2026-05-03 19:22:44.279 [info] > git rev-parse --show-toplevel [1ms]
2026-05-03 19:22:51.397 [info] > git rev-parse --show-toplevel [0ms]
2026-05-03 19:23:01.593 [info] > git rev-parse --show-toplevel [1ms]
2026-05-03 19:24:41.979 [info] > git rev-parse --show-toplevel [1ms]
2026-05-03 19:25:01.679 [info] > git rev-parse --show-toplevel [0ms]
2026-05-03 19:25:13.311 [info] > git rev-parse --show-toplevel [0ms]
2026-05-03 19:25:46.031 [info] > git rev-parse --show-toplevel [1ms]
2026-05-03 19:26:13.903 [info] > git rev-parse --show-toplevel [1ms]
2026-05-03 19:27:19.881 [info] > git rev-parse --show-toplevel [1ms]
2026-05-03 19:27:24.549 [info] > git rev-parse --show-toplevel [1ms]
2026-05-03 19:28:12.723 [info] > git rev-parse --show-toplevel [1ms]
2026-05-03 19:28:18.252 [info] > git rev-parse --show-toplevel [1ms]
2026-05-03 19:28:47.496 [info] > git rev-parse --show-toplevel [2ms]
2026-05-03 19:28:48.760 [info] > git rev-parse --show-toplevel [1ms]
2026-05-03 19:28:53.399 [info] > git rev-parse --show-toplevel [1ms]
2026-05-03 19:28:56.775 [info] > git rev-parse --show-toplevel [1ms]
2026-05-03 19:29:29.812 [info] > git rev-parse --show-toplevel [1ms]
2026-05-03 19:29:33.260 [info] > git rev-parse --show-toplevel [1ms]
2026-05-03 19:30:00.005 [info] > git rev-parse --show-toplevel [1ms]
2026-05-03 19:30:05.555 [info] > git rev-parse --show-toplevel [1ms]
2026-05-03 19:30:16.213 [info] > git rev-parse --show-toplevel [1ms]
2026-05-03 19:30:37.692 [info] > git rev-parse --show-toplevel [1ms]
2026-05-03 19:30:38.237 [info] > git rev-parse --show-toplevel [1ms]
2026-05-03 19:30:39.188 [info] > git rev-parse --show-toplevel [1ms]
2026-05-03 19:30:41.045 [info] > git rev-parse --show-toplevel [1ms]
2026-05-03 19:30:59.966 [info] > git rev-parse --show-toplevel [1ms]
2026-05-03 19:31:02.134 [info] > git rev-parse --show-toplevel [1ms]
2026-05-03 19:31:18.274 [info] > git rev-parse --show-toplevel [1ms]
2026-05-03 19:31:35.329 [info] > git rev-parse --show-toplevel [0ms]
2026-05-03 19:31:35.906 [info] > git rev-parse --show-toplevel [1ms]
2026-05-03 19:32:02.786 [info] > git rev-parse --show-toplevel [2ms]
2026-05-03 19:32:09.501 [info] > git rev-parse --show-toplevel [1ms]
2026-05-03 19:32:10.504 [info] > git rev-parse --show-toplevel [1ms]
2026-05-03 19:32:11.406 [info] > git rev-parse --show-toplevel [2ms]
2026-05-03 19:32:11.968 [info] > git rev-parse --show-toplevel [0ms]
2026-05-03 19:32:14.508 [info] > git rev-parse --show-toplevel [1ms]
2026-05-03 19:32:14.933 [info] > git rev-parse --show-toplevel [2ms]
2026-05-03 19:32:16.252 [info] > git rev-parse --show-toplevel [1ms]
2026-05-03 19:34:23.647 [info] > git rev-parse --show-toplevel [1ms]
2026-05-03 19:34:25.504 [info] > git rev-parse --show-toplevel [1ms]
2026-05-03 19:35:45.404 [info] > git rev-parse --show-toplevel [2ms]
2026-05-03 19:35:48.768 [info] > git rev-parse --show-toplevel [1ms]
2026-05-03 19:35:51.657 [info] > git rev-parse --show-toplevel [1ms]
2026-05-03 19:35:54.512 [info] > git rev-parse --show-toplevel [2ms]
2026-05-03 19:35:59.149 [info] > git rev-parse --show-toplevel [1ms]
2026-05-03 19:36:03.591 [info] > git rev-parse --show-toplevel [2ms]
2026-05-03 19:36:04.033 [info] > git rev-parse --show-toplevel [1ms]
2026-05-03 19:38:25.719 [info] > git rev-parse --show-toplevel [1ms]
2026-05-03 19:38:39.863 [info] > git rev-parse --show-toplevel [1ms]
2026-05-03 19:38:40.766 [info] > git rev-parse --show-toplevel [1ms]
2026-05-03 19:38:41.414 [info] > git rev-parse --show-toplevel [1ms]
2026-05-03 19:38:42.121 [info] > git rev-parse --show-toplevel [1ms]
2026-05-03 19:38:43.061 [info] > git rev-parse --show-toplevel [1ms]
2026-05-03 19:38:45.042 [info] > git rev-parse --show-toplevel [1ms]
2026-05-03 19:39:11.031 [info] > git rev-parse --show-toplevel [2ms]
2026-05-03 19:39:34.595 [info] > git rev-parse --show-toplevel [1ms]
2026-05-03 19:39:36.197 [info] > git rev-parse --show-toplevel [1ms]
2026-05-03 19:39:37.538 [info] > git rev-parse --show-toplevel [1ms]
2026-05-03 19:39:38.594 [info] > git rev-parse --show-toplevel [1ms]
2026-05-03 19:39:45.860 [info] > git rev-parse --show-toplevel [1ms]
2026-05-03 19:39:47.160 [info] > git rev-parse --show-toplevel [1ms]
