2026-05-05 07:38:09.048 [info] Reading sessions from keychain...
2026-05-05 07:38:09.048 [info] Getting sessions for all scopes...
2026-05-05 07:38:09.048 [info] Got stored sessions!
2026-05-05 07:38:09.048 [info] Got 1 verified sessions.
2026-05-05 07:38:09.048 [info] Got 1 sessions for ...
2026-05-05 07:38:09.048 [info] Getting sessions for all scopes...
2026-05-05 07:38:09.048 [info] Got 1 sessions for ...
2026-05-05 07:38:09.048 [info] Getting sessions for all scopes...
2026-05-05 07:38:09.048 [info] Got 1 sessions for ...
2026-05-05 07:38:09.048 [info] Getting sessions for all scopes...
2026-05-05 07:38:09.048 [info] Got 1 sessions for ...
2026-05-05 07:38:09.196 [info] Getting sessions for all scopes...
2026-05-05 07:38:09.196 [info] Got 1 sessions for ...
2026-05-05 07:38:10.384 [info] FetcherService: Node fetch failed with status: 429 Too Many Requests
2026-05-05 07:38:10.386 [info] Unable to resolve optional EDU details. Status: 429 Too Many Requests
2026-05-05 07:38:10.977 [info] Getting sessions for all scopes...
2026-05-05 07:38:10.977 [info] Got 1 sessions for ...
2026-05-05 07:38:18.893 [info] Getting sessions for all scopes...
2026-05-05 07:38:18.893 [info] Got 1 sessions for ...
2026-05-05 07:38:18.893 [info] Getting sessions for all scopes...
2026-05-05 07:38:18.893 [info] Got 1 sessions for ...
2026-05-05 07:38:37.739 [info] Getting sessions for all scopes...
2026-05-05 07:38:37.740 [info] Got 1 sessions for ...
2026-05-05 07:38:37.740 [info] Getting sessions for all scopes...
2026-05-05 07:38:37.740 [info] Got 1 sessions for ...
