2024-03-28 10:49:13.938 [info] Extension host with pid 25901 started
2024-03-28 10:49:13.938 [info] Skipping acquiring lock for /home/cm/.config/Code/User/workspaceStorage/6c29011c24675887e410d1561b91ed8f.
2024-03-28 10:49:13.989 [info] ExtensionService#_doActivateExtension vscode.emmet, startup: false, activationEvent: 'onLanguage'
2024-03-28 10:49:13.992 [info] ExtensionService#_doActivateExtension James-Yu.latex-workshop, startup: false, activationEvent: 'onLanguage:latex'
2024-03-28 10:49:14.207 [warning] DiagnosticCollection with name 'BibTeX' does already exist.
2024-03-28 10:49:14.219 [info] ExtensionService#_doActivateExtension mathematic.vscode-latex, startup: false, activationEvent: 'onLanguage:latex'
2024-03-28 10:49:14.288 [info] ExtensionService#_doActivateExtension vscode.git-base, startup: true, activationEvent: '*', root cause: vscode.git
2024-03-28 10:49:14.291 [info] ExtensionService#_doActivateExtension vscode.git, startup: true, activationEvent: '*'
2024-03-28 10:49:14.306 [info] ExtensionService#_doActivateExtension vscode.github, startup: true, activationEvent: '*'
2024-03-28 10:49:14.340 [info] Eager extensions activated
2024-03-28 10:49:14.351 [info] ExtensionService#_doActivateExtension vscode.debug-auto-launch, startup: false, activationEvent: 'onStartupFinished'
2024-03-28 10:49:14.352 [info] ExtensionService#_doActivateExtension vscode.merge-conflict, startup: false, activationEvent: 'onStartupFinished'
2024-03-28 10:49:14.355 [info] ExtensionService#_doActivateExtension ecmel.vscode-html-css, startup: false, activationEvent: 'onStartupFinished'
2024-03-28 10:49:14.356 [info] ExtensionService#_doActivateExtension fnando.linter, startup: false, activationEvent: 'onStartupFinished'
2024-03-28 10:49:14.940 [info] ExtensionService#_doActivateExtension shakram02.bash-beautify, startup: false, activationEvent: 'onLanguage:shellscript'
2024-03-28 10:49:14.953 [info] ExtensionService#_doActivateExtension vscode.extension-editing, startup: false, activationEvent: 'onLanguage:markdown'
2024-03-28 10:49:14.956 [info] ExtensionService#_doActivateExtension vscode.markdown-language-features, startup: false, activationEvent: 'onLanguage:markdown'
2024-03-28 10:49:14.977 [info] ExtensionService#_doActivateExtension yzhang.markdown-all-in-one, startup: false, activationEvent: 'onLanguage:markdown'
2024-03-28 10:49:15.084 [info] ExtensionService#_doActivateExtension vscode.markdown-math, startup: false, activationEvent: 'api', root cause: yzhang.markdown-all-in-one
2024-03-28 10:52:31.291 [info] Extension host terminating: renderer closed the MessagePort
2024-03-28 10:52:31.302 [info] Extension host with pid 25901 exiting with code 0
