2026-05-03 18:28:23.432 [info] Reading sessions from keychain...
2026-05-03 18:28:23.432 [info] Getting sessions for all scopes...
2026-05-03 18:28:23.432 [info] Got stored sessions!
2026-05-03 18:28:23.432 [info] Got 1 verified sessions.
2026-05-03 18:28:23.432 [info] Got 1 sessions for ...
2026-05-03 18:28:23.432 [info] Getting sessions for all scopes...
2026-05-03 18:28:23.432 [info] Got 1 sessions for ...
2026-05-03 18:28:23.432 [info] Getting sessions for all scopes...
2026-05-03 18:28:23.432 [info] Got 1 sessions for ...
2026-05-03 18:28:23.432 [info] Getting sessions for all scopes...
2026-05-03 18:28:23.432 [info] Got 1 sessions for ...
2026-05-03 18:28:23.432 [info] Getting sessions for all scopes...
2026-05-03 18:28:23.432 [info] Got 1 sessions for ...
2026-05-03 18:28:23.432 [info] Getting sessions for all scopes...
2026-05-03 18:28:23.432 [info] Got 1 sessions for ...
2026-05-03 18:28:23.432 [info] Getting sessions for all scopes...
2026-05-03 18:28:23.432 [info] Got 1 sessions for ...
2026-05-03 18:28:23.432 [info] Getting sessions for read:user,repo,user:email,workflow...
2026-05-03 18:28:23.432 [info] Got 1 sessions for read:user,repo,user:email,workflow...
2026-05-03 18:28:23.762 [info] Getting sessions for all scopes...
2026-05-03 18:28:23.762 [info] Got 1 sessions for ...
2026-05-03 18:28:23.930 [info] Getting sessions for all scopes...
2026-05-03 18:28:23.930 [info] Got 1 sessions for ...
2026-05-03 18:28:23.930 [info] Getting sessions for all scopes...
2026-05-03 18:28:23.930 [info] Got 1 sessions for ...
2026-05-03 18:28:24.148 [info] Getting sessions for read:user,repo,user:email,workflow...
2026-05-03 18:28:24.148 [info] Got 1 sessions for read:user,repo,user:email,workflow...
2026-05-03 18:28:24.491 [info] Getting sessions for all scopes...
2026-05-03 18:28:24.491 [info] Got 1 sessions for ...
2026-05-03 18:28:24.680 [info] FetcherService: Node fetch failed with status: 429 Too Many Requests
2026-05-03 18:28:24.682 [info] Unable to resolve optional EDU details. Status: 429 Too Many Requests
2026-05-03 18:28:24.904 [info] Getting sessions for all scopes...
2026-05-03 18:28:24.904 [info] Got 1 sessions for ...
2026-05-03 18:28:24.904 [info] Getting sessions for all scopes...
2026-05-03 18:28:24.904 [info] Got 1 sessions for ...
2026-05-03 18:28:24.963 [info] Getting sessions for read:user,repo,user:email,workflow...
2026-05-03 18:28:24.963 [info] Got 1 sessions for read:user,repo,user:email,workflow...
2026-05-03 18:28:25.066 [info] Getting sessions for all scopes...
2026-05-03 18:28:25.066 [info] Got 1 sessions for ...
2026-05-03 18:28:25.066 [info] Getting sessions for all scopes...
2026-05-03 18:28:25.066 [info] Got 1 sessions for ...
2026-05-03 18:28:25.095 [info] Getting sessions for read:user,repo,user:email,workflow...
2026-05-03 18:28:25.095 [info] Got 1 sessions for read:user,repo,user:email,workflow...
2026-05-03 18:28:25.128 [info] Getting sessions for all scopes...
2026-05-03 18:28:25.128 [info] Got 1 sessions for ...
2026-05-03 18:28:25.128 [info] Getting sessions for all scopes...
2026-05-03 18:28:25.128 [info] Got 1 sessions for ...
2026-05-03 18:28:25.256 [info] Getting sessions for all scopes...
2026-05-03 18:28:25.256 [info] Got 1 sessions for ...
2026-05-03 18:28:25.262 [info] Getting sessions for read:user,repo,user:email,workflow...
2026-05-03 18:28:25.262 [info] Got 1 sessions for read:user,repo,user:email,workflow...
2026-05-03 18:28:25.386 [info] Getting sessions for all scopes...
2026-05-03 18:28:25.386 [info] Got 1 sessions for ...
2026-05-03 18:28:25.387 [info] Getting sessions for read:user,repo,user:email,workflow...
2026-05-03 18:28:25.387 [info] Got 1 sessions for read:user,repo,user:email,workflow...
2026-05-03 18:28:25.400 [info] Getting sessions for all scopes...
2026-05-03 18:28:25.400 [info] Got 1 sessions for ...
2026-05-03 18:28:25.402 [info] Getting sessions for read:user,repo,user:email,workflow...
2026-05-03 18:28:25.402 [info] Got 1 sessions for read:user,repo,user:email,workflow...
2026-05-03 18:28:25.408 [info] Getting sessions for all scopes...
2026-05-03 18:28:25.408 [info] Got 1 sessions for ...
2026-05-03 18:28:25.409 [info] Getting sessions for read:user,repo,user:email,workflow...
2026-05-03 18:28:25.409 [info] Got 1 sessions for read:user,repo,user:email,workflow...
2026-05-03 18:28:25.415 [info] Getting sessions for all scopes...
2026-05-03 18:28:25.415 [info] Got 1 sessions for ...
2026-05-03 18:28:25.416 [info] Getting sessions for read:user,repo,user:email,workflow...
2026-05-03 18:28:25.416 [info] Got 1 sessions for read:user,repo,user:email,workflow...
2026-05-03 18:28:42.160 [info] Getting sessions for all scopes...
2026-05-03 18:28:42.160 [info] Got 1 sessions for ...
2026-05-03 18:28:42.160 [info] Getting sessions for all scopes...
2026-05-03 18:28:42.160 [info] Got 1 sessions for ...
2026-05-03 18:28:48.420 [info] Getting sessions for all scopes...
2026-05-03 18:28:48.421 [info] Got 1 sessions for ...
2026-05-03 18:28:48.421 [info] Getting sessions for all scopes...
2026-05-03 18:28:48.421 [info] Got 1 sessions for ...
2026-05-03 18:29:05.718 [info] Getting sessions for read:user,repo,user:email,workflow...
2026-05-03 18:29:05.718 [info] Got 1 sessions for read:user,repo,user:email,workflow...
2026-05-03 18:29:10.509 [info] Getting sessions for all scopes...
2026-05-03 18:29:10.509 [info] Got 1 sessions for ...
2026-05-03 18:29:10.510 [info] Getting sessions for all scopes...
2026-05-03 18:29:10.510 [info] Got 1 sessions for ...
2026-05-03 18:29:10.917 [info] Getting sessions for all scopes...
2026-05-03 18:29:10.917 [info] Got 1 sessions for ...
2026-05-03 18:29:10.919 [info] Getting sessions for read:user,repo,user:email,workflow...
2026-05-03 18:29:10.919 [info] Got 1 sessions for read:user,repo,user:email,workflow...
2026-05-03 18:29:11.827 [info] Getting sessions for all scopes...
2026-05-03 18:29:11.827 [info] Got 1 sessions for ...
2026-05-03 18:29:11.827 [info] Getting sessions for all scopes...
2026-05-03 18:29:11.827 [info] Got 1 sessions for ...
2026-05-03 18:29:14.673 [info] Getting sessions for all scopes...
2026-05-03 18:29:14.673 [info] Got 1 sessions for ...
2026-05-03 18:29:14.674 [info] Getting sessions for all scopes...
2026-05-03 18:29:14.674 [info] Got 1 sessions for ...
2026-05-03 18:29:16.025 [info] Getting sessions for all scopes...
2026-05-03 18:29:16.025 [info] Got 1 sessions for ...
2026-05-03 18:29:16.025 [info] Getting sessions for all scopes...
2026-05-03 18:29:16.025 [info] Got 1 sessions for ...
2026-05-03 18:29:16.454 [info] Getting sessions for all scopes...
2026-05-03 18:29:16.454 [info] Got 1 sessions for ...
2026-05-03 18:29:16.455 [info] Getting sessions for all scopes...
2026-05-03 18:29:16.455 [info] Got 1 sessions for ...
2026-05-03 18:29:18.358 [info] Getting sessions for all scopes...
2026-05-03 18:29:18.358 [info] Got 1 sessions for ...
2026-05-03 18:29:18.359 [info] Getting sessions for all scopes...
2026-05-03 18:29:18.359 [info] Got 1 sessions for ...
2026-05-03 18:29:23.867 [info] Getting sessions for all scopes...
2026-05-03 18:29:23.867 [info] Got 1 sessions for ...
2026-05-03 18:29:23.867 [info] Getting sessions for all scopes...
2026-05-03 18:29:23.867 [info] Got 1 sessions for ...
2026-05-03 18:29:35.860 [info] Getting sessions for all scopes...
2026-05-03 18:29:35.860 [info] Got 1 sessions for ...
2026-05-03 18:29:35.860 [info] Getting sessions for all scopes...
2026-05-03 18:29:35.860 [info] Got 1 sessions for ...
2026-05-03 18:30:29.567 [info] Getting sessions for all scopes...
2026-05-03 18:30:29.567 [info] Got 1 sessions for ...
2026-05-03 18:30:29.568 [info] Getting sessions for all scopes...
2026-05-03 18:30:29.568 [info] Got 1 sessions for ...
2026-05-03 18:31:34.450 [info] Getting sessions for all scopes...
2026-05-03 18:31:34.450 [info] Got 1 sessions for ...
2026-05-03 18:31:34.451 [info] Getting sessions for all scopes...
2026-05-03 18:31:34.451 [info] Got 1 sessions for ...
2026-05-03 18:32:02.056 [info] Getting sessions for all scopes...
2026-05-03 18:32:02.056 [info] Got 1 sessions for ...
2026-05-03 18:32:02.056 [info] Getting sessions for all scopes...
2026-05-03 18:32:02.056 [info] Got 1 sessions for ...
2026-05-03 18:32:26.575 [info] Getting sessions for all scopes...
2026-05-03 18:32:26.575 [info] Got 1 sessions for ...
2026-05-03 18:32:26.575 [info] Getting sessions for all scopes...
2026-05-03 18:32:26.575 [info] Got 1 sessions for ...
2026-05-03 18:32:41.686 [info] Getting sessions for all scopes...
2026-05-03 18:32:41.686 [info] Got 1 sessions for ...
2026-05-03 18:32:41.686 [info] Getting sessions for all scopes...
2026-05-03 18:32:41.686 [info] Got 1 sessions for ...
2026-05-03 18:35:33.717 [info] Getting sessions for all scopes...
2026-05-03 18:35:33.717 [info] Got 1 sessions for ...
2026-05-03 18:35:33.717 [info] Getting sessions for all scopes...
2026-05-03 18:35:33.717 [info] Got 1 sessions for ...
2026-05-03 18:39:05.243 [info] Getting sessions for all scopes...
2026-05-03 18:39:05.243 [info] Got 1 sessions for ...
2026-05-03 18:39:05.244 [info] Getting sessions for all scopes...
2026-05-03 18:39:05.254 [info] Got 1 sessions for ...
2026-05-03 18:40:57.647 [info] Getting sessions for all scopes...
2026-05-03 18:40:57.647 [info] Got 1 sessions for ...
2026-05-03 18:40:57.647 [info] Getting sessions for all scopes...
2026-05-03 18:40:57.647 [info] Got 1 sessions for ...
2026-05-03 18:41:29.546 [info] Getting sessions for all scopes...
2026-05-03 18:41:29.546 [info] Got 1 sessions for ...
2026-05-03 18:41:29.547 [info] Getting sessions for all scopes...
2026-05-03 18:41:29.547 [info] Got 1 sessions for ...
2026-05-03 18:43:00.898 [info] Getting sessions for all scopes...
2026-05-03 18:43:00.898 [info] Got 1 sessions for ...
2026-05-03 18:43:00.898 [info] Getting sessions for all scopes...
2026-05-03 18:43:00.898 [info] Got 1 sessions for ...
2026-05-03 18:43:01.806 [info] Getting sessions for all scopes...
2026-05-03 18:43:01.806 [info] Got 1 sessions for ...
2026-05-03 18:43:01.807 [info] Getting sessions for all scopes...
2026-05-03 18:43:01.807 [info] Got 1 sessions for ...
2026-05-03 18:44:10.297 [info] Getting sessions for all scopes...
2026-05-03 18:44:10.297 [info] Got 1 sessions for ...
2026-05-03 18:44:10.297 [info] Getting sessions for all scopes...
2026-05-03 18:44:10.297 [info] Got 1 sessions for ...
2026-05-03 18:45:36.917 [info] Getting sessions for all scopes...
2026-05-03 18:45:36.917 [info] Got 1 sessions for ...
2026-05-03 18:45:36.918 [info] Getting sessions for all scopes...
2026-05-03 18:45:36.918 [info] Got 1 sessions for ...
2026-05-03 18:49:57.203 [info] Getting sessions for all scopes...
2026-05-03 18:49:57.203 [info] Got 1 sessions for ...
2026-05-03 18:49:57.204 [info] Getting sessions for all scopes...
2026-05-03 18:49:57.204 [info] Got 1 sessions for ...
2026-05-03 18:51:18.660 [info] Getting sessions for all scopes...
2026-05-03 18:51:18.660 [info] Got 1 sessions for ...
2026-05-03 18:51:18.660 [info] Getting sessions for all scopes...
2026-05-03 18:51:18.660 [info] Got 1 sessions for ...
2026-05-03 18:55:07.446 [info] Getting sessions for all scopes...
2026-05-03 18:55:07.446 [info] Got 1 sessions for ...
2026-05-03 18:55:07.446 [info] Getting sessions for all scopes...
2026-05-03 18:55:07.446 [info] Got 1 sessions for ...
2026-05-03 18:55:17.771 [info] Getting sessions for all scopes...
2026-05-03 18:55:17.771 [info] Got 1 sessions for ...
2026-05-03 18:55:17.771 [info] Getting sessions for all scopes...
2026-05-03 18:55:17.771 [info] Got 1 sessions for ...
2026-05-03 18:55:23.397 [info] Getting sessions for all scopes...
2026-05-03 18:55:23.397 [info] Got 1 sessions for ...
2026-05-03 18:55:23.397 [info] Getting sessions for all scopes...
2026-05-03 18:55:23.397 [info] Got 1 sessions for ...
2026-05-03 18:55:25.737 [info] Getting sessions for all scopes...
2026-05-03 18:55:25.737 [info] Got 1 sessions for ...
2026-05-03 18:55:25.737 [info] Getting sessions for all scopes...
2026-05-03 18:55:25.737 [info] Got 1 sessions for ...
2026-05-03 18:55:34.823 [info] Getting sessions for all scopes...
2026-05-03 18:55:34.823 [info] Got 1 sessions for ...
2026-05-03 18:55:34.823 [info] Getting sessions for all scopes...
2026-05-03 18:55:34.823 [info] Got 1 sessions for ...
2026-05-03 18:56:17.899 [info] Getting sessions for all scopes...
2026-05-03 18:56:17.899 [info] Got 1 sessions for ...
2026-05-03 18:56:17.899 [info] Getting sessions for all scopes...
2026-05-03 18:56:17.899 [info] Got 1 sessions for ...
2026-05-03 18:57:15.045 [info] Getting sessions for all scopes...
2026-05-03 18:57:15.045 [info] Got 1 sessions for ...
2026-05-03 18:57:15.046 [info] Getting sessions for all scopes...
2026-05-03 18:57:15.046 [info] Got 1 sessions for ...
2026-05-03 18:58:12.041 [info] Getting sessions for all scopes...
2026-05-03 18:58:12.041 [info] Got 1 sessions for ...
2026-05-03 18:58:12.042 [info] Getting sessions for all scopes...
2026-05-03 18:58:12.042 [info] Got 1 sessions for ...
2026-05-03 18:59:21.040 [info] Getting sessions for all scopes...
2026-05-03 18:59:21.040 [info] Got 1 sessions for ...
2026-05-03 18:59:21.040 [info] Getting sessions for all scopes...
2026-05-03 18:59:21.040 [info] Got 1 sessions for ...
2026-05-03 18:59:30.893 [info] Getting sessions for all scopes...
2026-05-03 18:59:30.893 [info] Got 1 sessions for ...
2026-05-03 18:59:30.893 [info] Getting sessions for all scopes...
2026-05-03 18:59:30.893 [info] Got 1 sessions for ...
2026-05-03 19:02:24.347 [info] Getting sessions for all scopes...
2026-05-03 19:02:24.347 [info] Got 1 sessions for ...
2026-05-03 19:02:24.348 [info] Getting sessions for all scopes...
2026-05-03 19:02:24.348 [info] Got 1 sessions for ...
2026-05-03 19:02:41.119 [info] Getting sessions for all scopes...
2026-05-03 19:02:41.119 [info] Got 1 sessions for ...
2026-05-03 19:02:41.120 [info] Getting sessions for all scopes...
2026-05-03 19:02:41.120 [info] Got 1 sessions for ...
2026-05-03 19:02:41.866 [info] Getting sessions for all scopes...
2026-05-03 19:02:41.866 [info] Got 1 sessions for ...
2026-05-03 19:02:41.867 [info] Getting sessions for all scopes...
2026-05-03 19:02:41.867 [info] Got 1 sessions for ...
2026-05-03 19:02:57.196 [info] Getting sessions for all scopes...
2026-05-03 19:02:57.196 [info] Got 1 sessions for ...
2026-05-03 19:02:57.196 [info] Getting sessions for all scopes...
2026-05-03 19:02:57.196 [info] Got 1 sessions for ...
2026-05-03 19:03:18.262 [info] Getting sessions for all scopes...
2026-05-03 19:03:18.262 [info] Got 1 sessions for ...
2026-05-03 19:03:18.262 [info] Getting sessions for all scopes...
2026-05-03 19:03:18.262 [info] Got 1 sessions for ...
2026-05-03 19:03:25.874 [info] Getting sessions for all scopes...
2026-05-03 19:03:25.874 [info] Got 1 sessions for ...
2026-05-03 19:03:25.875 [info] Getting sessions for all scopes...
2026-05-03 19:03:25.875 [info] Got 1 sessions for ...
2026-05-03 19:03:28.599 [info] Getting sessions for all scopes...
2026-05-03 19:03:28.599 [info] Got 1 sessions for ...
2026-05-03 19:03:28.599 [info] Getting sessions for all scopes...
2026-05-03 19:03:28.599 [info] Got 1 sessions for ...
2026-05-03 19:05:19.353 [info] Getting sessions for all scopes...
2026-05-03 19:05:19.353 [info] Got 1 sessions for ...
2026-05-03 19:05:19.353 [info] Getting sessions for all scopes...
2026-05-03 19:05:19.353 [info] Got 1 sessions for ...
2026-05-03 19:06:07.955 [info] Getting sessions for all scopes...
2026-05-03 19:06:07.955 [info] Got 1 sessions for ...
2026-05-03 19:06:07.955 [info] Getting sessions for all scopes...
2026-05-03 19:06:07.955 [info] Got 1 sessions for ...
2026-05-03 19:07:01.398 [info] Getting sessions for all scopes...
2026-05-03 19:07:01.398 [info] Got 1 sessions for ...
2026-05-03 19:07:01.399 [info] Getting sessions for all scopes...
2026-05-03 19:07:01.399 [info] Got 1 sessions for ...
2026-05-03 19:08:14.636 [info] Getting sessions for all scopes...
2026-05-03 19:08:14.636 [info] Got 1 sessions for ...
2026-05-03 19:08:14.637 [info] Getting sessions for all scopes...
2026-05-03 19:08:14.637 [info] Got 1 sessions for ...
2026-05-03 19:08:30.637 [info] Getting sessions for all scopes...
2026-05-03 19:08:30.638 [info] Got 1 sessions for ...
2026-05-03 19:08:30.638 [info] Getting sessions for all scopes...
2026-05-03 19:08:30.638 [info] Got 1 sessions for ...
2026-05-03 19:08:48.360 [info] Getting sessions for all scopes...
2026-05-03 19:08:48.360 [info] Got 1 sessions for ...
2026-05-03 19:08:48.361 [info] Getting sessions for all scopes...
2026-05-03 19:08:48.361 [info] Got 1 sessions for ...
2026-05-03 19:13:02.873 [info] Getting sessions for all scopes...
2026-05-03 19:13:02.873 [info] Got 1 sessions for ...
2026-05-03 19:13:02.874 [info] Getting sessions for all scopes...
2026-05-03 19:13:02.874 [info] Got 1 sessions for ...
2026-05-03 19:13:48.948 [info] Getting sessions for all scopes...
2026-05-03 19:13:48.949 [info] Got 1 sessions for ...
2026-05-03 19:13:48.949 [info] Getting sessions for all scopes...
2026-05-03 19:13:48.949 [info] Got 1 sessions for ...
