2026-05-03 18:24:12.791 [info] Reading sessions from keychain...
2026-05-03 18:24:12.791 [info] Getting sessions for all scopes...
2026-05-03 18:24:12.859 [info] Got 0 sessions for ...
2026-05-03 18:24:12.859 [info] Getting sessions for all scopes...
2026-05-03 18:24:12.859 [info] Got 0 sessions for ...
2026-05-03 18:24:12.896 [info] Getting sessions for all scopes...
2026-05-03 18:24:12.896 [info] Got 0 sessions for ...
2026-05-03 18:24:13.005 [info] Getting sessions for all scopes...
2026-05-03 18:24:13.005 [info] Got 0 sessions for ...
2026-05-03 18:24:14.164 [info] Getting sessions for all scopes...
2026-05-03 18:24:14.164 [info] Got 0 sessions for ...
2026-05-03 18:24:14.164 [info] Getting sessions for all scopes...
2026-05-03 18:24:14.164 [info] Got 0 sessions for ...
2026-05-03 18:24:14.239 [info] Getting sessions for user:email...
2026-05-03 18:24:14.239 [info] Got 0 sessions for user:email...
2026-05-03 18:24:14.240 [info] Getting sessions for read:user,repo,user:email,workflow...
2026-05-03 18:24:14.240 [info] Got 0 sessions for read:user,repo,user:email,workflow...
2026-05-03 18:24:14.255 [info] Getting sessions for all scopes...
2026-05-03 18:24:14.255 [info] Got 0 sessions for ...
2026-05-03 18:24:14.256 [info] Getting sessions for user:email...
2026-05-03 18:24:14.256 [info] Got 0 sessions for user:email...
2026-05-03 18:24:14.607 [info] Getting sessions for all scopes...
2026-05-03 18:24:14.607 [info] Got 0 sessions for ...
2026-05-03 18:24:14.607 [info] Getting sessions for all scopes...
2026-05-03 18:24:14.607 [info] Got 0 sessions for ...
2026-05-03 18:24:14.607 [info] Getting sessions for all scopes...
2026-05-03 18:24:14.607 [info] Got 0 sessions for ...
2026-05-03 18:24:14.907 [info] Getting sessions for all scopes...
2026-05-03 18:24:14.907 [info] Got 0 sessions for ...
2026-05-03 18:24:14.919 [info] Getting sessions for user:email...
2026-05-03 18:24:14.919 [info] Got 0 sessions for user:email...
2026-05-03 18:24:14.919 [info] Getting sessions for read:user,repo,user:email,workflow...
2026-05-03 18:24:14.919 [info] Got 0 sessions for read:user,repo,user:email,workflow...
2026-05-03 18:24:14.931 [info] Getting sessions for all scopes...
2026-05-03 18:24:14.931 [info] Got 0 sessions for ...
2026-05-03 18:24:14.931 [info] Getting sessions for read:user,repo,user:email,workflow...
2026-05-03 18:24:14.931 [info] Got 0 sessions for read:user,repo,user:email,workflow...
2026-05-03 18:24:21.541 [info] Getting sessions for read:user,repo,user:email,workflow...
2026-05-03 18:24:21.541 [info] Got 0 sessions for read:user,repo,user:email,workflow...
2026-05-03 18:24:24.259 [info] Logging in with 'any' account...
2026-05-03 18:24:24.259 [info] Logging in for the following scopes: read:user repo user:email workflow
2026-05-03 18:24:24.286 [info] Trying with local server... (read:user repo user:email workflow)
2026-05-03 18:24:27.173 [info] Exchanging code for token...
2026-05-03 18:24:27.407 [info] Token exchange success!
2026-05-03 18:24:27.408 [info] Getting user info...
2026-05-03 18:24:27.766 [info] Got account info!
2026-05-03 18:24:27.766 [info] Storing 1 sessions...
2026-05-03 18:24:27.767 [info] Reading sessions from keychain...
2026-05-03 18:24:27.767 [info] Stored 1 sessions!
2026-05-03 18:24:27.767 [info] Login success!
2026-05-03 18:24:27.795 [info] Got stored sessions!
2026-05-03 18:24:27.795 [info] Got 1 verified sessions.
2026-05-03 18:24:27.801 [info] Getting sessions for all scopes...
2026-05-03 18:24:27.801 [info] Got 1 sessions for ...
2026-05-03 18:24:27.801 [info] Getting sessions for all scopes...
2026-05-03 18:24:27.801 [info] Got 1 sessions for ...
2026-05-03 18:24:27.802 [info] Getting sessions for read:user,repo,user:email,workflow...
2026-05-03 18:24:27.802 [info] Got 1 sessions for read:user,repo,user:email,workflow...
2026-05-03 18:24:27.804 [info] Getting sessions for all scopes...
2026-05-03 18:24:27.804 [info] Got 1 sessions for ...
2026-05-03 18:24:27.804 [info] Getting sessions for read:user,repo,user:email,workflow...
2026-05-03 18:24:27.804 [info] Got 1 sessions for read:user,repo,user:email,workflow...
2026-05-03 18:24:27.869 [info] Getting sessions for all scopes...
2026-05-03 18:24:27.869 [info] Got 1 sessions for ...
2026-05-03 18:24:27.870 [info] Getting sessions for all scopes...
2026-05-03 18:24:27.870 [info] Got 1 sessions for ...
2026-05-03 18:24:27.928 [info] FetcherService: Node fetch failed with status: 429 Too Many Requests
2026-05-03 18:24:27.928 [info] Unable to resolve optional EDU details. Status: 429 Too Many Requests
2026-05-03 18:24:28.338 [info] Getting sessions for all scopes...
2026-05-03 18:24:28.338 [info] Got 1 sessions for ...
2026-05-03 18:24:28.338 [info] Getting sessions for all scopes...
2026-05-03 18:24:28.339 [info] Got 1 sessions for ...
2026-05-03 18:24:28.362 [info] Getting sessions for read:user,repo,user:email,workflow...
2026-05-03 18:24:28.362 [info] Got 1 sessions for read:user,repo,user:email,workflow...
2026-05-03 18:24:28.423 [info] Getting sessions for all scopes...
2026-05-03 18:24:28.423 [info] Got 1 sessions for ...
2026-05-03 18:24:28.423 [info] Getting sessions for all scopes...
2026-05-03 18:24:28.423 [info] Got 1 sessions for ...
2026-05-03 18:24:28.425 [info] Getting sessions for read:user,repo,user:email,workflow...
2026-05-03 18:24:28.425 [info] Got 1 sessions for read:user,repo,user:email,workflow...
2026-05-03 18:24:28.628 [info] Getting sessions for all scopes...
2026-05-03 18:24:28.628 [info] Got 1 sessions for ...
2026-05-03 18:24:28.629 [info] Getting sessions for read:user,repo,user:email,workflow...
2026-05-03 18:24:28.629 [info] Got 1 sessions for read:user,repo,user:email,workflow...
2026-05-03 18:24:28.689 [info] Getting sessions for all scopes...
2026-05-03 18:24:28.689 [info] Got 1 sessions for ...
2026-05-03 18:24:28.690 [info] Getting sessions for read:user,repo,user:email,workflow...
2026-05-03 18:24:28.690 [info] Got 1 sessions for read:user,repo,user:email,workflow...
2026-05-03 18:24:28.761 [info] Getting sessions for all scopes...
2026-05-03 18:24:28.761 [info] Got 1 sessions for ...
2026-05-03 18:24:28.762 [info] Getting sessions for read:user,repo,user:email,workflow...
2026-05-03 18:24:28.762 [info] Got 1 sessions for read:user,repo,user:email,workflow...
2026-05-03 18:24:28.787 [info] Getting sessions for all scopes...
2026-05-03 18:24:28.787 [info] Got 1 sessions for ...
2026-05-03 18:24:28.790 [info] Getting sessions for read:user,repo,user:email,workflow...
2026-05-03 18:24:28.790 [info] Got 1 sessions for read:user,repo,user:email,workflow...
2026-05-03 18:24:28.805 [info] Getting sessions for all scopes...
2026-05-03 18:24:28.805 [info] Got 1 sessions for ...
2026-05-03 18:24:28.806 [info] Getting sessions for read:user,repo,user:email,workflow...
2026-05-03 18:24:28.806 [info] Got 1 sessions for read:user,repo,user:email,workflow...
2026-05-03 18:24:28.817 [info] Getting sessions for all scopes...
2026-05-03 18:24:28.817 [info] Got 1 sessions for ...
2026-05-03 18:24:28.817 [info] Getting sessions for read:user,repo,user:email,workflow...
2026-05-03 18:24:28.817 [info] Got 1 sessions for read:user,repo,user:email,workflow...
2026-05-03 18:24:29.111 [info] Getting sessions for all scopes...
2026-05-03 18:24:29.111 [info] Got 1 sessions for ...
2026-05-03 18:24:29.123 [info] Getting sessions for all scopes...
2026-05-03 18:24:29.123 [info] Got 1 sessions for ...
2026-05-03 18:24:32.592 [info] Getting sessions for all scopes...
2026-05-03 18:24:32.592 [info] Got 1 sessions for ...
2026-05-03 18:24:32.592 [info] Getting sessions for all scopes...
2026-05-03 18:24:32.592 [info] Got 1 sessions for ...
2026-05-03 18:24:36.718 [info] Getting sessions for all scopes...
2026-05-03 18:24:36.718 [info] Got 1 sessions for ...
2026-05-03 18:24:36.718 [info] Getting sessions for all scopes...
2026-05-03 18:24:36.718 [info] Got 1 sessions for ...
2026-05-03 18:24:46.784 [info] Getting sessions for all scopes...
2026-05-03 18:24:46.785 [info] Got 1 sessions for ...
2026-05-03 18:24:46.785 [info] Getting sessions for all scopes...
2026-05-03 18:24:46.785 [info] Got 1 sessions for ...
2026-05-03 18:24:48.787 [info] Getting sessions for all scopes...
2026-05-03 18:24:48.787 [info] Got 1 sessions for ...
2026-05-03 18:24:48.787 [info] Getting sessions for all scopes...
2026-05-03 18:24:48.787 [info] Got 1 sessions for ...
2026-05-03 18:24:52.026 [info] Getting sessions for all scopes...
2026-05-03 18:24:52.026 [info] Got 1 sessions for ...
2026-05-03 18:24:52.027 [info] Getting sessions for all scopes...
2026-05-03 18:24:52.027 [info] Got 1 sessions for ...
2026-05-03 18:24:54.154 [info] Getting sessions for all scopes...
2026-05-03 18:24:54.154 [info] Got 1 sessions for ...
2026-05-03 18:24:54.155 [info] Getting sessions for all scopes...
2026-05-03 18:24:54.155 [info] Got 1 sessions for ...
2026-05-03 18:26:51.497 [info] Getting sessions for all scopes...
2026-05-03 18:26:51.497 [info] Got 1 sessions for ...
2026-05-03 18:26:51.498 [info] Getting sessions for all scopes...
2026-05-03 18:26:51.498 [info] Got 1 sessions for ...
2026-05-03 18:27:02.700 [info] Reading sessions from keychain...
2026-05-03 18:27:02.700 [info] Getting sessions for all scopes...
2026-05-03 18:27:02.710 [info] Got stored sessions!
2026-05-03 18:27:02.710 [info] Got 1 verified sessions.
2026-05-03 18:27:02.710 [info] Got 1 sessions for ...
2026-05-03 18:27:02.710 [info] Getting sessions for all scopes...
2026-05-03 18:27:02.710 [info] Got 1 sessions for ...
2026-05-03 18:27:02.710 [info] Getting sessions for all scopes...
2026-05-03 18:27:02.710 [info] Got 1 sessions for ...
2026-05-03 18:27:02.721 [info] Getting sessions for all scopes...
2026-05-03 18:27:02.721 [info] Got 1 sessions for ...
2026-05-03 18:27:02.750 [info] Getting sessions for all scopes...
2026-05-03 18:27:02.750 [info] Got 1 sessions for ...
2026-05-03 18:27:03.921 [info] FetcherService: Node fetch failed with status: 429 Too Many Requests
2026-05-03 18:27:03.922 [info] Unable to resolve optional EDU details. Status: 429 Too Many Requests
2026-05-03 18:27:05.762 [info] Getting sessions for all scopes...
2026-05-03 18:27:05.762 [info] Got 1 sessions for ...
2026-05-03 18:27:05.867 [info] Getting sessions for all scopes...
2026-05-03 18:27:05.867 [info] Got 1 sessions for ...
2026-05-03 18:27:05.867 [info] Getting sessions for all scopes...
2026-05-03 18:27:05.867 [info] Got 1 sessions for ...
2026-05-03 18:27:06.157 [info] Getting sessions for all scopes...
2026-05-03 18:27:06.157 [info] Got 1 sessions for ...
2026-05-03 18:27:06.170 [info] Getting sessions for read:user,repo,user:email,workflow...
2026-05-03 18:27:06.170 [info] Got 1 sessions for read:user,repo,user:email,workflow...
2026-05-03 18:27:06.821 [info] Getting sessions for all scopes...
2026-05-03 18:27:06.821 [info] Got 1 sessions for ...
2026-05-03 18:27:06.832 [info] Getting sessions for read:user,repo,user:email,workflow...
2026-05-03 18:27:06.832 [info] Got 1 sessions for read:user,repo,user:email,workflow...
2026-05-03 18:27:06.883 [info] Getting sessions for all scopes...
2026-05-03 18:27:06.884 [info] Got 1 sessions for ...
2026-05-03 18:27:06.884 [info] Getting sessions for all scopes...
2026-05-03 18:27:06.884 [info] Got 1 sessions for ...
2026-05-03 18:27:06.885 [info] Getting sessions for read:user,repo,user:email,workflow...
2026-05-03 18:27:06.885 [info] Got 1 sessions for read:user,repo,user:email,workflow...
2026-05-03 18:27:06.979 [info] Getting sessions for all scopes...
2026-05-03 18:27:06.979 [info] Got 1 sessions for ...
2026-05-03 18:27:06.980 [info] Getting sessions for all scopes...
2026-05-03 18:27:06.980 [info] Got 1 sessions for ...
2026-05-03 18:27:07.010 [info] Getting sessions for read:user,repo,user:email,workflow...
2026-05-03 18:27:07.010 [info] Got 1 sessions for read:user,repo,user:email,workflow...
2026-05-03 18:27:07.021 [info] Getting sessions for all scopes...
2026-05-03 18:27:07.021 [info] Got 1 sessions for ...
2026-05-03 18:27:07.021 [info] Getting sessions for read:user,repo,user:email,workflow...
2026-05-03 18:27:07.021 [info] Got 1 sessions for read:user,repo,user:email,workflow...
2026-05-03 18:27:07.053 [info] Getting sessions for all scopes...
2026-05-03 18:27:07.053 [info] Got 1 sessions for ...
2026-05-03 18:27:07.053 [info] Getting sessions for all scopes...
2026-05-03 18:27:07.053 [info] Got 1 sessions for ...
2026-05-03 18:27:07.165 [info] Getting sessions for all scopes...
2026-05-03 18:27:07.165 [info] Got 1 sessions for ...
2026-05-03 18:27:07.166 [info] Getting sessions for read:user,repo,user:email,workflow...
2026-05-03 18:27:07.166 [info] Got 1 sessions for read:user,repo,user:email,workflow...
2026-05-03 18:27:07.365 [info] Getting sessions for all scopes...
2026-05-03 18:27:07.365 [info] Got 1 sessions for ...
2026-05-03 18:27:07.366 [info] Getting sessions for read:user,repo,user:email,workflow...
2026-05-03 18:27:07.366 [info] Got 1 sessions for read:user,repo,user:email,workflow...
2026-05-03 18:27:07.385 [info] Getting sessions for all scopes...
2026-05-03 18:27:07.385 [info] Got 1 sessions for ...
2026-05-03 18:27:07.386 [info] Getting sessions for read:user,repo,user:email,workflow...
2026-05-03 18:27:07.386 [info] Got 1 sessions for read:user,repo,user:email,workflow...
2026-05-03 18:27:07.392 [info] Getting sessions for all scopes...
2026-05-03 18:27:07.392 [info] Got 1 sessions for ...
2026-05-03 18:27:07.392 [info] Getting sessions for read:user,repo,user:email,workflow...
2026-05-03 18:27:07.392 [info] Got 1 sessions for read:user,repo,user:email,workflow...
2026-05-03 18:27:07.398 [info] Getting sessions for all scopes...
2026-05-03 18:27:07.398 [info] Got 1 sessions for ...
2026-05-03 18:27:07.399 [info] Getting sessions for read:user,repo,user:email,workflow...
2026-05-03 18:27:07.399 [info] Got 1 sessions for read:user,repo,user:email,workflow...
2026-05-03 18:27:18.415 [info] Getting sessions for all scopes...
2026-05-03 18:27:18.415 [info] Got 1 sessions for ...
2026-05-03 18:27:18.416 [info] Getting sessions for all scopes...
2026-05-03 18:27:18.416 [info] Got 1 sessions for ...
2026-05-03 18:27:19.219 [info] Getting sessions for all scopes...
2026-05-03 18:27:19.219 [info] Got 1 sessions for ...
2026-05-03 18:27:19.219 [info] Getting sessions for all scopes...
2026-05-03 18:27:19.219 [info] Got 1 sessions for ...
2026-05-03 18:27:22.886 [info] Getting sessions for all scopes...
2026-05-03 18:27:22.886 [info] Got 1 sessions for ...
2026-05-03 18:27:22.887 [info] Getting sessions for all scopes...
2026-05-03 18:27:22.887 [info] Got 1 sessions for ...
2026-05-03 18:27:24.051 [info] Getting sessions for all scopes...
2026-05-03 18:27:24.051 [info] Got 1 sessions for ...
2026-05-03 18:27:24.051 [info] Getting sessions for all scopes...
2026-05-03 18:27:24.051 [info] Got 1 sessions for ...
2026-05-03 18:27:26.836 [info] Getting sessions for all scopes...
2026-05-03 18:27:26.836 [info] Got 1 sessions for ...
2026-05-03 18:27:26.836 [info] Getting sessions for all scopes...
2026-05-03 18:27:26.836 [info] Got 1 sessions for ...
2026-05-03 18:27:27.447 [info] Getting sessions for all scopes...
2026-05-03 18:27:27.447 [info] Got 1 sessions for ...
2026-05-03 18:27:27.447 [info] Getting sessions for all scopes...
2026-05-03 18:27:27.447 [info] Got 1 sessions for ...
2026-05-03 18:27:48.551 [info] Getting sessions for all scopes...
2026-05-03 18:27:48.551 [info] Got 1 sessions for ...
2026-05-03 18:27:48.551 [info] Getting sessions for all scopes...
2026-05-03 18:27:48.551 [info] Got 1 sessions for ...
2026-05-03 18:28:01.493 [info] Getting sessions for all scopes...
2026-05-03 18:28:01.493 [info] Got 1 sessions for ...
2026-05-03 18:28:01.493 [info] Getting sessions for all scopes...
2026-05-03 18:28:01.493 [info] Got 1 sessions for ...
2026-05-03 18:28:03.326 [info] Getting sessions for all scopes...
2026-05-03 18:28:03.326 [info] Got 1 sessions for ...
2026-05-03 18:28:03.326 [info] Getting sessions for all scopes...
2026-05-03 18:28:03.326 [info] Got 1 sessions for ...
2026-05-03 18:28:03.482 [info] Getting sessions for all scopes...
2026-05-03 18:28:03.482 [info] Got 1 sessions for ...
2026-05-03 18:28:03.482 [info] Getting sessions for all scopes...
2026-05-03 18:28:03.482 [info] Got 1 sessions for ...
