2026-05-03 20:23:36.119 [info] Reading sessions from keychain...
2026-05-03 20:23:36.119 [info] Getting sessions for all scopes...
2026-05-03 20:23:36.125 [info] Got stored sessions!
2026-05-03 20:23:36.125 [info] Got 1 verified sessions.
2026-05-03 20:23:36.125 [info] Got 1 sessions for ...
2026-05-03 20:23:36.125 [info] Getting sessions for all scopes...
2026-05-03 20:23:36.125 [info] Got 1 sessions for ...
2026-05-03 20:23:36.125 [info] Getting sessions for all scopes...
2026-05-03 20:23:36.125 [info] Got 1 sessions for ...
2026-05-03 20:23:36.126 [info] Getting sessions for all scopes...
2026-05-03 20:23:36.126 [info] Got 1 sessions for ...
2026-05-03 20:23:36.159 [info] Getting sessions for all scopes...
2026-05-03 20:23:36.159 [info] Got 1 sessions for ...
2026-05-03 20:23:37.443 [info] Getting sessions for all scopes...
2026-05-03 20:23:37.443 [info] Got 1 sessions for ...
2026-05-03 20:23:37.469 [info] Getting sessions for all scopes...
2026-05-03 20:23:37.469 [info] Got 1 sessions for ...
2026-05-03 20:23:37.539 [info] Getting sessions for read:user,repo,user:email,workflow...
2026-05-03 20:23:37.539 [info] Got 1 sessions for read:user,repo,user:email,workflow...
2026-05-03 20:23:37.548 [info] Getting sessions for all scopes...
2026-05-03 20:23:37.548 [info] Got 1 sessions for ...
2026-05-03 20:23:37.556 [info] Getting sessions for read:user,repo,user:email,workflow...
2026-05-03 20:23:37.556 [info] Got 1 sessions for read:user,repo,user:email,workflow...
2026-05-03 20:23:37.657 [info] FetcherService: Node fetch failed with status: 429 Too Many Requests
2026-05-03 20:23:37.658 [info] Unable to resolve optional EDU details. Status: 429 Too Many Requests
2026-05-03 20:23:37.800 [info] Getting sessions for all scopes...
2026-05-03 20:23:37.800 [info] Got 1 sessions for ...
2026-05-03 20:23:37.800 [info] Getting sessions for all scopes...
2026-05-03 20:23:37.800 [info] Got 1 sessions for ...
2026-05-03 20:23:37.966 [info] Getting sessions for all scopes...
2026-05-03 20:23:37.966 [info] Got 1 sessions for ...
2026-05-03 20:23:38.269 [info] Getting sessions for all scopes...
2026-05-03 20:23:38.269 [info] Got 1 sessions for ...
2026-05-03 20:23:38.275 [info] Getting sessions for all scopes...
2026-05-03 20:23:38.275 [info] Got 1 sessions for ...
2026-05-03 20:23:38.276 [info] Getting sessions for read:user,repo,user:email,workflow...
2026-05-03 20:23:38.276 [info] Got 1 sessions for read:user,repo,user:email,workflow...
2026-05-03 20:23:38.423 [info] Getting sessions for all scopes...
2026-05-03 20:23:38.423 [info] Got 1 sessions for ...
2026-05-03 20:23:38.423 [info] Getting sessions for all scopes...
2026-05-03 20:23:38.423 [info] Got 1 sessions for ...
2026-05-03 20:23:38.442 [info] Getting sessions for read:user,repo,user:email,workflow...
2026-05-03 20:23:38.442 [info] Got 1 sessions for read:user,repo,user:email,workflow...
2026-05-03 20:23:38.469 [info] Getting sessions for all scopes...
2026-05-03 20:23:38.469 [info] Got 1 sessions for ...
2026-05-03 20:23:38.470 [info] Getting sessions for all scopes...
2026-05-03 20:23:38.470 [info] Got 1 sessions for ...
2026-05-03 20:23:38.480 [info] Getting sessions for all scopes...
2026-05-03 20:23:38.480 [info] Got 1 sessions for ...
2026-05-03 20:23:38.481 [info] Getting sessions for read:user,repo,user:email,workflow...
2026-05-03 20:23:38.481 [info] Got 1 sessions for read:user,repo,user:email,workflow...
2026-05-03 20:23:38.511 [info] Getting sessions for all scopes...
2026-05-03 20:23:38.511 [info] Got 1 sessions for ...
2026-05-03 20:23:38.512 [info] Getting sessions for read:user,repo,user:email,workflow...
2026-05-03 20:23:38.512 [info] Got 1 sessions for read:user,repo,user:email,workflow...
2026-05-03 20:23:38.591 [info] Getting sessions for all scopes...
2026-05-03 20:23:38.591 [info] Got 1 sessions for ...
2026-05-03 20:23:38.592 [info] Getting sessions for read:user,repo,user:email,workflow...
2026-05-03 20:23:38.592 [info] Got 1 sessions for read:user,repo,user:email,workflow...
2026-05-03 20:23:38.852 [info] Getting sessions for all scopes...
2026-05-03 20:23:38.852 [info] Got 1 sessions for ...
2026-05-03 20:23:38.855 [info] Getting sessions for read:user,repo,user:email,workflow...
2026-05-03 20:23:38.855 [info] Got 1 sessions for read:user,repo,user:email,workflow...
2026-05-03 20:24:07.259 [info] Getting sessions for all scopes...
2026-05-03 20:24:07.259 [info] Got 1 sessions for ...
2026-05-03 20:24:07.259 [info] Getting sessions for all scopes...
2026-05-03 20:24:07.259 [info] Got 1 sessions for ...
2026-05-03 20:24:11.266 [info] Getting sessions for all scopes...
2026-05-03 20:24:11.266 [info] Got 1 sessions for ...
2026-05-03 20:24:11.267 [info] Getting sessions for all scopes...
2026-05-03 20:24:11.267 [info] Got 1 sessions for ...
2026-05-03 20:24:14.633 [info] Getting sessions for all scopes...
2026-05-03 20:24:14.633 [info] Got 1 sessions for ...
2026-05-03 20:24:14.634 [info] Getting sessions for all scopes...
2026-05-03 20:24:14.634 [info] Got 1 sessions for ...
