2023-05-21 22:55:08.624 [info] Extension host with pid 26861 started
2023-05-21 22:55:08.624 [info] Skipping acquiring lock for /home/cm/.config/Code/User/workspaceStorage/6c29011c24675887e410d1561b91ed8f.
2023-05-21 22:55:08.763 [info] ExtensionService#_doActivateExtension vscode.emmet, startup: false, activationEvent: 'onLanguage'
2023-05-21 22:55:08.797 [info] ExtensionService#_doActivateExtension vscode.git-base, startup: true, activationEvent: '*', root cause: vscode.git
2023-05-21 22:55:08.799 [info] ExtensionService#_doActivateExtension ecmel.vscode-html-css, startup: true, activationEvent: '*'
2023-05-21 22:55:08.833 [info] ExtensionService#_doActivateExtension James-Yu.latex-workshop, startup: false, activationEvent: 'onLanguage:latex'
2023-05-21 22:55:09.093 [warning] DiagnosticCollection with name 'BibTeX' does already exist.
2023-05-21 22:55:09.095 [info] ExtensionService#_doActivateExtension mathematic.vscode-latex, startup: false, activationEvent: 'onLanguage:latex'
2023-05-21 22:55:09.121 [info] ExtensionService#_doActivateExtension vscode.git, startup: true, activationEvent: '*'
2023-05-21 22:55:09.174 [info] ExtensionService#_doActivateExtension vscode.github, startup: true, activationEvent: '*'
2023-05-21 22:55:09.183 [info] ExtensionService#_doActivateExtension vscode.github-authentication, startup: false, activationEvent: 'onAuthenticationRequest:github'
2023-05-21 22:55:09.266 [info] Eager extensions activated
2023-05-21 22:55:09.283 [info] ExtensionService#_doActivateExtension vscode.debug-auto-launch, startup: false, activationEvent: 'onStartupFinished'
2023-05-21 22:55:09.285 [info] ExtensionService#_doActivateExtension vscode.merge-conflict, startup: false, activationEvent: 'onStartupFinished'
2023-05-21 22:55:09.300 [info] ExtensionService#_doActivateExtension fnando.linter, startup: false, activationEvent: 'onStartupFinished'
2023-05-21 22:55:09.334 [info] ExtensionService#_doActivateExtension vscode.microsoft-authentication, startup: false, activationEvent: 'onAuthenticationRequest:microsoft'
2023-05-21 22:55:09.398 [info] ExtensionService#_doActivateExtension vscode.extension-editing, startup: false, activationEvent: 'onLanguage:markdown'
2023-05-21 22:55:09.410 [info] ExtensionService#_doActivateExtension vscode.markdown-language-features, startup: false, activationEvent: 'onLanguage:markdown'
2023-05-21 22:55:09.481 [info] ExtensionService#_doActivateExtension yzhang.markdown-all-in-one, startup: false, activationEvent: 'onLanguage:markdown'
2023-05-21 22:55:09.660 [info] ExtensionService#_doActivateExtension vscode.markdown-math, startup: false, activationEvent: 'api', root cause: yzhang.markdown-all-in-one
