2026-05-03 13:41:04.794 [info] Reading sessions from keychain...
2026-05-03 13:41:04.794 [info] Getting sessions for all scopes...
2026-05-03 13:41:04.794 [info] Got 0 sessions for ...
2026-05-03 13:41:04.794 [info] Getting sessions for all scopes...
2026-05-03 13:41:04.794 [info] Got 0 sessions for ...
2026-05-03 13:41:04.794 [info] Getting sessions for all scopes...
2026-05-03 13:41:04.794 [info] Got 0 sessions for ...
2026-05-03 13:41:04.794 [info] Getting sessions for all scopes...
2026-05-03 13:41:04.794 [info] Got 0 sessions for ...
2026-05-03 13:41:06.454 [info] Getting sessions for all scopes...
2026-05-03 13:41:06.454 [info] Got 0 sessions for ...
2026-05-03 13:41:06.454 [info] Getting sessions for all scopes...
2026-05-03 13:41:06.454 [info] Got 0 sessions for ...
2026-05-03 13:41:06.540 [info] Getting sessions for user:email...
2026-05-03 13:41:06.540 [info] Got 0 sessions for user:email...
2026-05-03 13:41:06.540 [info] Getting sessions for read:user,repo,user:email,workflow...
2026-05-03 13:41:06.540 [info] Got 0 sessions for read:user,repo,user:email,workflow...
2026-05-03 13:41:06.552 [info] Getting sessions for all scopes...
2026-05-03 13:41:06.552 [info] Got 0 sessions for ...
2026-05-03 13:41:06.552 [info] Getting sessions for user:email...
2026-05-03 13:41:06.552 [info] Got 0 sessions for user:email...
2026-05-03 13:41:06.919 [info] Getting sessions for all scopes...
2026-05-03 13:41:06.919 [info] Got 0 sessions for ...
2026-05-03 13:41:06.919 [info] Getting sessions for all scopes...
2026-05-03 13:41:06.919 [info] Got 0 sessions for ...
2026-05-03 13:41:06.919 [info] Getting sessions for all scopes...
2026-05-03 13:41:06.919 [info] Got 0 sessions for ...
2026-05-03 13:41:06.934 [info] Getting sessions for all scopes...
2026-05-03 13:41:06.934 [info] Got 0 sessions for ...
2026-05-03 13:41:07.254 [info] Getting sessions for user:email...
2026-05-03 13:41:07.254 [info] Got 0 sessions for user:email...
2026-05-03 13:41:07.255 [info] Getting sessions for read:user,repo,user:email,workflow...
2026-05-03 13:41:07.255 [info] Got 0 sessions for read:user,repo,user:email,workflow...
2026-05-03 13:41:07.268 [info] Getting sessions for all scopes...
2026-05-03 13:41:07.268 [info] Got 0 sessions for ...
2026-05-03 13:41:07.275 [info] Getting sessions for read:user,repo,user:email,workflow...
2026-05-03 13:41:07.275 [info] Got 0 sessions for read:user,repo,user:email,workflow...
2026-05-03 13:41:08.810 [info] Getting sessions for all scopes...
2026-05-03 13:41:08.810 [info] Got 0 sessions for ...
2026-05-03 13:41:08.833 [info] Getting sessions for user:email...
2026-05-03 13:41:08.833 [info] Got 0 sessions for user:email...
2026-05-03 13:41:08.921 [info] Getting sessions for all scopes...
2026-05-03 13:41:08.921 [info] Got 0 sessions for ...
2026-05-03 13:41:08.922 [info] Getting sessions for all scopes...
2026-05-03 13:41:08.922 [info] Got 0 sessions for ...
2026-05-03 13:41:08.983 [info] Getting sessions for all scopes...
2026-05-03 13:41:08.983 [info] Got 0 sessions for ...
2026-05-03 13:41:08.984 [info] Getting sessions for user:email...
2026-05-03 13:41:08.984 [info] Got 0 sessions for user:email...
2026-05-03 13:41:09.143 [info] Getting sessions for all scopes...
2026-05-03 13:41:09.143 [info] Got 0 sessions for ...
2026-05-03 13:41:09.143 [info] Getting sessions for user:email...
2026-05-03 13:41:09.143 [info] Got 0 sessions for user:email...
2026-05-03 13:41:09.282 [info] Getting sessions for all scopes...
2026-05-03 13:41:09.282 [info] Got 0 sessions for ...
2026-05-03 13:41:09.283 [info] Getting sessions for user:email...
2026-05-03 13:41:09.283 [info] Got 0 sessions for user:email...
2026-05-03 13:41:09.414 [info] Getting sessions for all scopes...
2026-05-03 13:41:09.414 [info] Got 0 sessions for ...
2026-05-03 13:41:09.415 [info] Getting sessions for user:email...
2026-05-03 13:41:09.415 [info] Got 0 sessions for user:email...
2026-05-03 13:41:09.896 [info] Getting sessions for all scopes...
2026-05-03 13:41:09.896 [info] Got 0 sessions for ...
2026-05-03 13:41:09.897 [info] Getting sessions for user:email...
2026-05-03 13:41:09.897 [info] Got 0 sessions for user:email...
2026-05-03 13:41:10.449 [info] Getting sessions for all scopes...
2026-05-03 13:41:10.449 [info] Got 0 sessions for ...
2026-05-03 13:41:10.449 [info] Getting sessions for user:email...
2026-05-03 13:41:10.449 [info] Got 0 sessions for user:email...
2026-05-03 13:41:10.580 [info] Getting sessions for all scopes...
2026-05-03 13:41:10.580 [info] Got 0 sessions for ...
2026-05-03 13:41:10.581 [info] Getting sessions for user:email...
2026-05-03 13:41:10.581 [info] Got 0 sessions for user:email...
2026-05-03 13:41:11.233 [info] Getting sessions for all scopes...
2026-05-03 13:41:11.233 [info] Got 0 sessions for ...
2026-05-03 13:41:11.234 [info] Getting sessions for user:email...
2026-05-03 13:41:11.234 [info] Got 0 sessions for user:email...
2026-05-03 13:41:11.393 [info] Getting sessions for all scopes...
2026-05-03 13:41:11.393 [info] Got 0 sessions for ...
2026-05-03 13:41:11.394 [info] Getting sessions for user:email...
2026-05-03 13:41:11.394 [info] Got 0 sessions for user:email...
2026-05-03 13:41:11.782 [info] Getting sessions for all scopes...
2026-05-03 13:41:11.782 [info] Got 0 sessions for ...
2026-05-03 13:41:11.782 [info] Getting sessions for user:email...
2026-05-03 13:41:11.782 [info] Got 0 sessions for user:email...
2026-05-03 13:41:11.879 [info] Getting sessions for all scopes...
2026-05-03 13:41:11.879 [info] Got 0 sessions for ...
2026-05-03 13:41:11.880 [info] Getting sessions for user:email...
2026-05-03 13:41:11.880 [info] Got 0 sessions for user:email...
2026-05-03 13:41:12.359 [info] Getting sessions for all scopes...
2026-05-03 13:41:12.359 [info] Got 0 sessions for ...
2026-05-03 13:41:12.360 [info] Getting sessions for user:email...
2026-05-03 13:41:12.360 [info] Got 0 sessions for user:email...
2026-05-03 13:41:12.566 [info] Getting sessions for all scopes...
2026-05-03 13:41:12.566 [info] Got 0 sessions for ...
2026-05-03 13:41:12.567 [info] Getting sessions for user:email...
2026-05-03 13:41:12.567 [info] Got 0 sessions for user:email...
2026-05-03 13:41:12.865 [info] Getting sessions for all scopes...
2026-05-03 13:41:12.865 [info] Got 0 sessions for ...
2026-05-03 13:41:12.866 [info] Getting sessions for user:email...
2026-05-03 13:41:12.866 [info] Got 0 sessions for user:email...
2026-05-03 13:41:14.387 [info] Getting sessions for all scopes...
2026-05-03 13:41:14.387 [info] Got 0 sessions for ...
2026-05-03 13:41:14.387 [info] Getting sessions for user:email...
2026-05-03 13:41:14.387 [info] Got 0 sessions for user:email...
2026-05-03 13:41:15.336 [info] Getting sessions for all scopes...
2026-05-03 13:41:15.336 [info] Got 0 sessions for ...
2026-05-03 13:41:15.337 [info] Getting sessions for user:email...
2026-05-03 13:41:15.337 [info] Got 0 sessions for user:email...
2026-05-03 13:41:15.471 [info] Getting sessions for all scopes...
2026-05-03 13:41:15.471 [info] Got 0 sessions for ...
2026-05-03 13:41:15.472 [info] Getting sessions for user:email...
2026-05-03 13:41:15.472 [info] Got 0 sessions for user:email...
2026-05-03 13:41:15.602 [info] Getting sessions for all scopes...
2026-05-03 13:41:15.602 [info] Got 0 sessions for ...
2026-05-03 13:41:15.603 [info] Getting sessions for user:email...
2026-05-03 13:41:15.603 [info] Got 0 sessions for user:email...
2026-05-03 13:41:15.902 [info] Getting sessions for all scopes...
2026-05-03 13:41:15.902 [info] Got 0 sessions for ...
2026-05-03 13:41:15.903 [info] Getting sessions for user:email...
2026-05-03 13:41:15.903 [info] Got 0 sessions for user:email...
2026-05-03 13:41:16.062 [info] Getting sessions for all scopes...
2026-05-03 13:41:16.062 [info] Got 0 sessions for ...
2026-05-03 13:41:16.064 [info] Getting sessions for user:email...
2026-05-03 13:41:16.064 [info] Got 0 sessions for user:email...
2026-05-03 13:41:16.106 [info] Getting sessions for all scopes...
2026-05-03 13:41:16.106 [info] Got 0 sessions for ...
2026-05-03 13:41:16.107 [info] Getting sessions for user:email...
2026-05-03 13:41:16.107 [info] Got 0 sessions for user:email...
2026-05-03 13:41:21.109 [info] Getting sessions for all scopes...
2026-05-03 13:41:21.109 [info] Got 0 sessions for ...
2026-05-03 13:41:21.110 [info] Getting sessions for user:email...
2026-05-03 13:41:21.110 [info] Got 0 sessions for user:email...
2026-05-03 13:41:21.922 [info] Getting sessions for all scopes...
2026-05-03 13:41:21.922 [info] Got 0 sessions for ...
2026-05-03 13:41:21.923 [info] Getting sessions for user:email...
2026-05-03 13:41:21.923 [info] Got 0 sessions for user:email...
2026-05-03 13:41:22.076 [info] Getting sessions for all scopes...
2026-05-03 13:41:22.076 [info] Got 0 sessions for ...
2026-05-03 13:41:22.077 [info] Getting sessions for user:email...
2026-05-03 13:41:22.077 [info] Got 0 sessions for user:email...
2026-05-03 13:41:22.471 [info] Getting sessions for all scopes...
2026-05-03 13:41:22.471 [info] Got 0 sessions for ...
2026-05-03 13:41:22.472 [info] Getting sessions for user:email...
2026-05-03 13:41:22.472 [info] Got 0 sessions for user:email...
2026-05-03 13:41:27.115 [info] Getting sessions for all scopes...
2026-05-03 13:41:27.115 [info] Got 0 sessions for ...
2026-05-03 13:41:27.116 [info] Getting sessions for user:email...
2026-05-03 13:41:27.116 [info] Got 0 sessions for user:email...
2026-05-03 13:41:27.250 [info] Getting sessions for all scopes...
2026-05-03 13:41:27.250 [info] Got 0 sessions for ...
2026-05-03 13:41:27.251 [info] Getting sessions for user:email...
2026-05-03 13:41:27.251 [info] Got 0 sessions for user:email...
2026-05-03 13:41:27.380 [info] Getting sessions for all scopes...
2026-05-03 13:41:27.380 [info] Got 0 sessions for ...
2026-05-03 13:41:27.381 [info] Getting sessions for user:email...
2026-05-03 13:41:27.381 [info] Got 0 sessions for user:email...
2026-05-03 13:41:27.515 [info] Getting sessions for all scopes...
2026-05-03 13:41:27.515 [info] Got 0 sessions for ...
2026-05-03 13:41:27.516 [info] Getting sessions for user:email...
2026-05-03 13:41:27.516 [info] Got 0 sessions for user:email...
2026-05-03 13:41:27.650 [info] Getting sessions for all scopes...
2026-05-03 13:41:27.650 [info] Got 0 sessions for ...
2026-05-03 13:41:27.651 [info] Getting sessions for user:email...
2026-05-03 13:41:27.651 [info] Got 0 sessions for user:email...
2026-05-03 13:41:27.785 [info] Getting sessions for all scopes...
2026-05-03 13:41:27.785 [info] Got 0 sessions for ...
2026-05-03 13:41:27.785 [info] Getting sessions for user:email...
2026-05-03 13:41:27.785 [info] Got 0 sessions for user:email...
2026-05-03 13:41:27.920 [info] Getting sessions for all scopes...
2026-05-03 13:41:27.920 [info] Got 0 sessions for ...
2026-05-03 13:41:27.921 [info] Getting sessions for user:email...
2026-05-03 13:41:27.921 [info] Got 0 sessions for user:email...
2026-05-03 13:41:28.055 [info] Getting sessions for all scopes...
2026-05-03 13:41:28.055 [info] Got 0 sessions for ...
2026-05-03 13:41:28.056 [info] Getting sessions for user:email...
2026-05-03 13:41:28.056 [info] Got 0 sessions for user:email...
2026-05-03 13:41:28.190 [info] Getting sessions for all scopes...
2026-05-03 13:41:28.190 [info] Got 0 sessions for ...
2026-05-03 13:41:28.192 [info] Getting sessions for user:email...
2026-05-03 13:41:28.192 [info] Got 0 sessions for user:email...
2026-05-03 13:41:28.308 [info] Getting sessions for all scopes...
2026-05-03 13:41:28.308 [info] Got 0 sessions for ...
2026-05-03 13:41:28.310 [info] Getting sessions for user:email...
2026-05-03 13:41:28.310 [info] Got 0 sessions for user:email...
2026-05-03 13:41:28.505 [info] Getting sessions for all scopes...
2026-05-03 13:41:28.505 [info] Got 0 sessions for ...
2026-05-03 13:41:28.506 [info] Getting sessions for user:email...
2026-05-03 13:41:28.506 [info] Got 0 sessions for user:email...
2026-05-03 13:41:28.599 [info] Getting sessions for all scopes...
2026-05-03 13:41:28.599 [info] Got 0 sessions for ...
2026-05-03 13:41:28.600 [info] Getting sessions for user:email...
2026-05-03 13:41:28.600 [info] Got 0 sessions for user:email...
2026-05-03 13:41:28.861 [info] Getting sessions for all scopes...
2026-05-03 13:41:28.861 [info] Got 0 sessions for ...
2026-05-03 13:41:28.862 [info] Getting sessions for user:email...
2026-05-03 13:41:28.862 [info] Got 0 sessions for user:email...
2026-05-03 13:41:29.025 [info] Getting sessions for all scopes...
2026-05-03 13:41:29.025 [info] Got 0 sessions for ...
2026-05-03 13:41:29.026 [info] Getting sessions for user:email...
2026-05-03 13:41:29.026 [info] Got 0 sessions for user:email...
2026-05-03 13:41:29.136 [info] Getting sessions for all scopes...
2026-05-03 13:41:29.136 [info] Got 0 sessions for ...
2026-05-03 13:41:29.137 [info] Getting sessions for user:email...
2026-05-03 13:41:29.137 [info] Got 0 sessions for user:email...
2026-05-03 13:41:29.252 [info] Getting sessions for all scopes...
2026-05-03 13:41:29.252 [info] Got 0 sessions for ...
2026-05-03 13:41:29.254 [info] Getting sessions for user:email...
2026-05-03 13:41:29.254 [info] Got 0 sessions for user:email...
2026-05-03 13:41:29.373 [info] Getting sessions for all scopes...
2026-05-03 13:41:29.373 [info] Got 0 sessions for ...
2026-05-03 13:41:29.374 [info] Getting sessions for user:email...
2026-05-03 13:41:29.374 [info] Got 0 sessions for user:email...
2026-05-03 13:41:29.467 [info] Getting sessions for all scopes...
2026-05-03 13:41:29.467 [info] Got 0 sessions for ...
2026-05-03 13:41:29.470 [info] Getting sessions for user:email...
2026-05-03 13:41:29.471 [info] Got 0 sessions for user:email...
2026-05-03 13:41:29.585 [info] Getting sessions for all scopes...
2026-05-03 13:41:29.585 [info] Got 0 sessions for ...
2026-05-03 13:41:29.587 [info] Getting sessions for user:email...
2026-05-03 13:41:29.587 [info] Got 0 sessions for user:email...
2026-05-03 13:41:29.821 [info] Getting sessions for all scopes...
2026-05-03 13:41:29.821 [info] Got 0 sessions for ...
2026-05-03 13:41:29.822 [info] Getting sessions for user:email...
2026-05-03 13:41:29.822 [info] Got 0 sessions for user:email...
2026-05-03 13:41:30.013 [info] Getting sessions for all scopes...
2026-05-03 13:41:30.013 [info] Got 0 sessions for ...
2026-05-03 13:41:30.014 [info] Getting sessions for user:email...
2026-05-03 13:41:30.014 [info] Got 0 sessions for user:email...
2026-05-03 13:41:30.118 [info] Getting sessions for all scopes...
2026-05-03 13:41:30.118 [info] Got 0 sessions for ...
2026-05-03 13:41:30.119 [info] Getting sessions for user:email...
2026-05-03 13:41:30.119 [info] Got 0 sessions for user:email...
2026-05-03 13:41:30.254 [info] Getting sessions for all scopes...
2026-05-03 13:41:30.254 [info] Got 0 sessions for ...
2026-05-03 13:41:30.255 [info] Getting sessions for user:email...
2026-05-03 13:41:30.255 [info] Got 0 sessions for user:email...
2026-05-03 13:41:30.439 [info] Getting sessions for all scopes...
2026-05-03 13:41:30.439 [info] Got 0 sessions for ...
2026-05-03 13:41:30.440 [info] Getting sessions for user:email...
2026-05-03 13:41:30.440 [info] Got 0 sessions for user:email...
2026-05-03 13:41:32.416 [info] Getting sessions for all scopes...
2026-05-03 13:41:32.416 [info] Got 0 sessions for ...
2026-05-03 13:41:32.417 [info] Getting sessions for user:email...
2026-05-03 13:41:32.417 [info] Got 0 sessions for user:email...
2026-05-03 13:41:32.922 [info] Getting sessions for all scopes...
2026-05-03 13:41:32.922 [info] Got 0 sessions for ...
2026-05-03 13:41:32.923 [info] Getting sessions for user:email...
2026-05-03 13:41:32.923 [info] Got 0 sessions for user:email...
2026-05-03 13:41:37.922 [info] Getting sessions for all scopes...
2026-05-03 13:41:37.922 [info] Got 0 sessions for ...
2026-05-03 13:41:37.923 [info] Getting sessions for user:email...
2026-05-03 13:41:37.923 [info] Got 0 sessions for user:email...
2026-05-03 13:41:51.652 [info] Getting sessions for all scopes...
2026-05-03 13:41:51.652 [info] Got 0 sessions for ...
2026-05-03 13:41:51.655 [info] Getting sessions for user:email...
2026-05-03 13:41:51.655 [info] Got 0 sessions for user:email...
2026-05-03 13:41:51.832 [info] Getting sessions for all scopes...
2026-05-03 13:41:51.832 [info] Got 0 sessions for ...
2026-05-03 13:41:51.833 [info] Getting sessions for user:email...
2026-05-03 13:41:51.833 [info] Got 0 sessions for user:email...
2026-05-03 13:41:51.967 [info] Getting sessions for all scopes...
2026-05-03 13:41:51.967 [info] Got 0 sessions for ...
2026-05-03 13:41:51.968 [info] Getting sessions for user:email...
2026-05-03 13:41:51.968 [info] Got 0 sessions for user:email...
2026-05-03 13:41:52.102 [info] Getting sessions for all scopes...
2026-05-03 13:41:52.102 [info] Got 0 sessions for ...
2026-05-03 13:41:52.103 [info] Getting sessions for user:email...
2026-05-03 13:41:52.103 [info] Got 0 sessions for user:email...
2026-05-03 13:41:52.241 [info] Getting sessions for all scopes...
2026-05-03 13:41:52.241 [info] Got 0 sessions for ...
2026-05-03 13:41:52.242 [info] Getting sessions for user:email...
2026-05-03 13:41:52.242 [info] Got 0 sessions for user:email...
2026-05-03 13:41:52.373 [info] Getting sessions for all scopes...
2026-05-03 13:41:52.373 [info] Got 0 sessions for ...
2026-05-03 13:41:52.374 [info] Getting sessions for user:email...
2026-05-03 13:41:52.374 [info] Got 0 sessions for user:email...
2026-05-03 13:41:52.512 [info] Getting sessions for all scopes...
2026-05-03 13:41:52.512 [info] Got 0 sessions for ...
2026-05-03 13:41:52.512 [info] Getting sessions for user:email...
2026-05-03 13:41:52.512 [info] Got 0 sessions for user:email...
2026-05-03 13:41:52.644 [info] Getting sessions for all scopes...
2026-05-03 13:41:52.644 [info] Got 0 sessions for ...
2026-05-03 13:41:52.644 [info] Getting sessions for user:email...
2026-05-03 13:41:52.644 [info] Got 0 sessions for user:email...
2026-05-03 13:41:52.838 [info] Getting sessions for all scopes...
2026-05-03 13:41:52.838 [info] Got 0 sessions for ...
2026-05-03 13:41:52.839 [info] Getting sessions for user:email...
2026-05-03 13:41:52.839 [info] Got 0 sessions for user:email...
2026-05-03 13:41:53.177 [info] Getting sessions for all scopes...
2026-05-03 13:41:53.177 [info] Got 0 sessions for ...
2026-05-03 13:41:53.178 [info] Getting sessions for user:email...
2026-05-03 13:41:53.178 [info] Got 0 sessions for user:email...
2026-05-03 13:41:54.051 [info] Getting sessions for all scopes...
2026-05-03 13:41:54.051 [info] Got 0 sessions for ...
2026-05-03 13:41:54.052 [info] Getting sessions for user:email...
2026-05-03 13:41:54.052 [info] Got 0 sessions for user:email...
2026-05-03 13:41:55.076 [info] Getting sessions for all scopes...
2026-05-03 13:41:55.076 [info] Got 0 sessions for ...
2026-05-03 13:41:55.079 [info] Getting sessions for user:email...
2026-05-03 13:41:55.079 [info] Got 0 sessions for user:email...
2026-05-03 13:41:55.179 [info] Getting sessions for all scopes...
2026-05-03 13:41:55.179 [info] Got 0 sessions for ...
2026-05-03 13:41:55.180 [info] Getting sessions for user:email...
2026-05-03 13:41:55.180 [info] Got 0 sessions for user:email...
2026-05-03 13:41:55.388 [info] Getting sessions for all scopes...
2026-05-03 13:41:55.388 [info] Got 0 sessions for ...
2026-05-03 13:41:55.389 [info] Getting sessions for user:email...
2026-05-03 13:41:55.389 [info] Got 0 sessions for user:email...
2026-05-03 13:41:55.531 [info] Getting sessions for all scopes...
2026-05-03 13:41:55.531 [info] Got 0 sessions for ...
2026-05-03 13:41:55.531 [info] Getting sessions for user:email...
2026-05-03 13:41:55.531 [info] Got 0 sessions for user:email...
2026-05-03 13:41:55.679 [info] Getting sessions for all scopes...
2026-05-03 13:41:55.679 [info] Got 0 sessions for ...
2026-05-03 13:41:55.680 [info] Getting sessions for user:email...
2026-05-03 13:41:55.680 [info] Got 0 sessions for user:email...
2026-05-03 13:41:56.186 [info] Getting sessions for all scopes...
2026-05-03 13:41:56.186 [info] Got 0 sessions for ...
2026-05-03 13:41:56.186 [info] Getting sessions for user:email...
2026-05-03 13:41:56.186 [info] Got 0 sessions for user:email...
2026-05-03 13:41:56.275 [info] Getting sessions for all scopes...
2026-05-03 13:41:56.275 [info] Got 0 sessions for ...
2026-05-03 13:41:56.276 [info] Getting sessions for user:email...
2026-05-03 13:41:56.276 [info] Got 0 sessions for user:email...
2026-05-03 13:41:56.489 [info] Getting sessions for all scopes...
2026-05-03 13:41:56.489 [info] Got 0 sessions for ...
2026-05-03 13:41:56.490 [info] Getting sessions for user:email...
2026-05-03 13:41:56.490 [info] Got 0 sessions for user:email...
2026-05-03 13:41:56.630 [info] Getting sessions for all scopes...
2026-05-03 13:41:56.630 [info] Got 0 sessions for ...
2026-05-03 13:41:56.631 [info] Getting sessions for user:email...
2026-05-03 13:41:56.631 [info] Got 0 sessions for user:email...
2026-05-03 13:41:56.791 [info] Getting sessions for all scopes...
2026-05-03 13:41:56.791 [info] Got 0 sessions for ...
2026-05-03 13:41:56.792 [info] Getting sessions for user:email...
2026-05-03 13:41:56.792 [info] Got 0 sessions for user:email...
2026-05-03 13:41:57.170 [info] Getting sessions for all scopes...
2026-05-03 13:41:57.170 [info] Got 0 sessions for ...
2026-05-03 13:41:57.171 [info] Getting sessions for user:email...
2026-05-03 13:41:57.171 [info] Got 0 sessions for user:email...
2026-05-03 13:41:57.331 [info] Getting sessions for all scopes...
2026-05-03 13:41:57.331 [info] Got 0 sessions for ...
2026-05-03 13:41:57.332 [info] Getting sessions for user:email...
2026-05-03 13:41:57.332 [info] Got 0 sessions for user:email...
2026-05-03 13:41:57.466 [info] Getting sessions for all scopes...
2026-05-03 13:41:57.466 [info] Got 0 sessions for ...
2026-05-03 13:41:57.468 [info] Getting sessions for user:email...
2026-05-03 13:41:57.468 [info] Got 0 sessions for user:email...
2026-05-03 13:41:57.558 [info] Getting sessions for all scopes...
2026-05-03 13:41:57.558 [info] Got 0 sessions for ...
2026-05-03 13:41:57.559 [info] Getting sessions for user:email...
2026-05-03 13:41:57.559 [info] Got 0 sessions for user:email...
2026-05-03 13:41:57.669 [info] Getting sessions for all scopes...
2026-05-03 13:41:57.669 [info] Got 0 sessions for ...
2026-05-03 13:41:57.670 [info] Getting sessions for user:email...
2026-05-03 13:41:57.670 [info] Got 0 sessions for user:email...
2026-05-03 13:42:02.669 [info] Getting sessions for all scopes...
2026-05-03 13:42:02.669 [info] Got 0 sessions for ...
2026-05-03 13:42:02.670 [info] Getting sessions for user:email...
2026-05-03 13:42:02.670 [info] Got 0 sessions for user:email...
2026-05-03 13:42:13.585 [info] Getting sessions for all scopes...
2026-05-03 13:42:13.585 [info] Got 0 sessions for ...
2026-05-03 13:42:13.586 [info] Getting sessions for user:email...
2026-05-03 13:42:13.586 [info] Got 0 sessions for user:email...
2026-05-03 13:42:13.766 [info] Getting sessions for all scopes...
2026-05-03 13:42:13.766 [info] Got 0 sessions for ...
2026-05-03 13:42:13.767 [info] Getting sessions for user:email...
2026-05-03 13:42:13.767 [info] Got 0 sessions for user:email...
2026-05-03 13:42:13.927 [info] Getting sessions for all scopes...
2026-05-03 13:42:13.927 [info] Got 0 sessions for ...
2026-05-03 13:42:13.929 [info] Getting sessions for user:email...
2026-05-03 13:42:13.929 [info] Got 0 sessions for user:email...
2026-05-03 13:42:14.063 [info] Getting sessions for all scopes...
2026-05-03 13:42:14.063 [info] Got 0 sessions for ...
2026-05-03 13:42:14.064 [info] Getting sessions for user:email...
2026-05-03 13:42:14.064 [info] Got 0 sessions for user:email...
2026-05-03 13:42:14.203 [info] Getting sessions for all scopes...
2026-05-03 13:42:14.203 [info] Got 0 sessions for ...
2026-05-03 13:42:14.204 [info] Getting sessions for user:email...
2026-05-03 13:42:14.204 [info] Got 0 sessions for user:email...
2026-05-03 13:42:14.335 [info] Getting sessions for all scopes...
2026-05-03 13:42:14.335 [info] Got 0 sessions for ...
2026-05-03 13:42:14.336 [info] Getting sessions for user:email...
2026-05-03 13:42:14.336 [info] Got 0 sessions for user:email...
2026-05-03 13:42:14.467 [info] Getting sessions for all scopes...
2026-05-03 13:42:14.467 [info] Got 0 sessions for ...
2026-05-03 13:42:14.468 [info] Getting sessions for user:email...
2026-05-03 13:42:14.468 [info] Got 0 sessions for user:email...
2026-05-03 13:42:14.606 [info] Getting sessions for all scopes...
2026-05-03 13:42:14.606 [info] Got 0 sessions for ...
2026-05-03 13:42:14.607 [info] Getting sessions for user:email...
2026-05-03 13:42:14.607 [info] Got 0 sessions for user:email...
2026-05-03 13:42:14.738 [info] Getting sessions for all scopes...
2026-05-03 13:42:14.738 [info] Got 0 sessions for ...
2026-05-03 13:42:14.739 [info] Getting sessions for user:email...
2026-05-03 13:42:14.739 [info] Got 0 sessions for user:email...
2026-05-03 13:42:14.871 [info] Getting sessions for all scopes...
2026-05-03 13:42:14.871 [info] Got 0 sessions for ...
2026-05-03 13:42:14.872 [info] Getting sessions for user:email...
2026-05-03 13:42:14.872 [info] Got 0 sessions for user:email...
2026-05-03 13:42:15.007 [info] Getting sessions for all scopes...
2026-05-03 13:42:15.007 [info] Got 0 sessions for ...
2026-05-03 13:42:15.008 [info] Getting sessions for user:email...
2026-05-03 13:42:15.008 [info] Got 0 sessions for user:email...
2026-05-03 13:42:15.168 [info] Getting sessions for all scopes...
2026-05-03 13:42:15.168 [info] Got 0 sessions for ...
2026-05-03 13:42:15.169 [info] Getting sessions for user:email...
2026-05-03 13:42:15.169 [info] Got 0 sessions for user:email...
2026-05-03 13:42:15.957 [info] Getting sessions for all scopes...
2026-05-03 13:42:15.957 [info] Got 0 sessions for ...
2026-05-03 13:42:15.958 [info] Getting sessions for user:email...
2026-05-03 13:42:15.958 [info] Got 0 sessions for user:email...
2026-05-03 13:42:16.159 [info] Getting sessions for all scopes...
2026-05-03 13:42:16.159 [info] Got 0 sessions for ...
2026-05-03 13:42:16.160 [info] Getting sessions for user:email...
2026-05-03 13:42:16.160 [info] Got 0 sessions for user:email...
2026-05-03 13:42:16.425 [info] Getting sessions for all scopes...
2026-05-03 13:42:16.425 [info] Got 0 sessions for ...
2026-05-03 13:42:16.426 [info] Getting sessions for user:email...
2026-05-03 13:42:16.426 [info] Got 0 sessions for user:email...
2026-05-03 13:42:16.600 [info] Getting sessions for all scopes...
2026-05-03 13:42:16.600 [info] Got 0 sessions for ...
2026-05-03 13:42:16.601 [info] Getting sessions for user:email...
2026-05-03 13:42:16.601 [info] Got 0 sessions for user:email...
2026-05-03 13:42:16.719 [info] Getting sessions for all scopes...
2026-05-03 13:42:16.719 [info] Got 0 sessions for ...
2026-05-03 13:42:16.720 [info] Getting sessions for user:email...
2026-05-03 13:42:16.720 [info] Got 0 sessions for user:email...
2026-05-03 13:42:16.849 [info] Getting sessions for all scopes...
2026-05-03 13:42:16.849 [info] Got 0 sessions for ...
2026-05-03 13:42:16.850 [info] Getting sessions for user:email...
2026-05-03 13:42:16.850 [info] Got 0 sessions for user:email...
2026-05-03 13:42:16.990 [info] Getting sessions for all scopes...
2026-05-03 13:42:16.990 [info] Got 0 sessions for ...
2026-05-03 13:42:16.992 [info] Getting sessions for user:email...
2026-05-03 13:42:16.992 [info] Got 0 sessions for user:email...
2026-05-03 13:42:19.243 [info] Getting sessions for all scopes...
2026-05-03 13:42:19.243 [info] Got 0 sessions for ...
2026-05-03 13:42:19.244 [info] Getting sessions for user:email...
2026-05-03 13:42:19.244 [info] Got 0 sessions for user:email...
2026-05-03 13:42:22.246 [info] Getting sessions for all scopes...
2026-05-03 13:42:22.246 [info] Got 0 sessions for ...
2026-05-03 13:42:22.247 [info] Getting sessions for user:email...
2026-05-03 13:42:22.247 [info] Got 0 sessions for user:email...
2026-05-03 13:42:22.788 [info] Getting sessions for all scopes...
2026-05-03 13:42:22.788 [info] Got 0 sessions for ...
2026-05-03 13:42:22.789 [info] Getting sessions for user:email...
2026-05-03 13:42:22.789 [info] Got 0 sessions for user:email...
2026-05-03 13:42:22.997 [info] Getting sessions for all scopes...
2026-05-03 13:42:22.997 [info] Got 0 sessions for ...
2026-05-03 13:42:22.998 [info] Getting sessions for user:email...
2026-05-03 13:42:22.998 [info] Got 0 sessions for user:email...
2026-05-03 13:42:23.156 [info] Getting sessions for all scopes...
2026-05-03 13:42:23.156 [info] Got 0 sessions for ...
2026-05-03 13:42:23.157 [info] Getting sessions for user:email...
2026-05-03 13:42:23.157 [info] Got 0 sessions for user:email...
2026-05-03 13:42:24.059 [info] Getting sessions for all scopes...
2026-05-03 13:42:24.059 [info] Got 0 sessions for ...
2026-05-03 13:42:24.060 [info] Getting sessions for user:email...
2026-05-03 13:42:24.060 [info] Got 0 sessions for user:email...
2026-05-03 13:42:24.318 [info] Getting sessions for all scopes...
2026-05-03 13:42:24.318 [info] Got 0 sessions for ...
2026-05-03 13:42:24.320 [info] Getting sessions for user:email...
2026-05-03 13:42:24.320 [info] Got 0 sessions for user:email...
2026-05-03 13:42:24.480 [info] Getting sessions for all scopes...
2026-05-03 13:42:24.480 [info] Got 0 sessions for ...
2026-05-03 13:42:24.481 [info] Getting sessions for user:email...
2026-05-03 13:42:24.481 [info] Got 0 sessions for user:email...
2026-05-03 13:42:24.615 [info] Getting sessions for all scopes...
2026-05-03 13:42:24.615 [info] Got 0 sessions for ...
2026-05-03 13:42:24.616 [info] Getting sessions for user:email...
2026-05-03 13:42:24.616 [info] Got 0 sessions for user:email...
2026-05-03 13:42:24.749 [info] Getting sessions for all scopes...
2026-05-03 13:42:24.749 [info] Got 0 sessions for ...
2026-05-03 13:42:24.751 [info] Getting sessions for user:email...
2026-05-03 13:42:24.751 [info] Got 0 sessions for user:email...
2026-05-03 13:42:29.749 [info] Getting sessions for all scopes...
2026-05-03 13:42:29.749 [info] Got 0 sessions for ...
2026-05-03 13:42:29.750 [info] Getting sessions for user:email...
2026-05-03 13:42:29.750 [info] Got 0 sessions for user:email...
2026-05-03 13:42:30.839 [info] Getting sessions for all scopes...
2026-05-03 13:42:30.839 [info] Got 0 sessions for ...
2026-05-03 13:42:30.840 [info] Getting sessions for user:email...
2026-05-03 13:42:30.840 [info] Got 0 sessions for user:email...
2026-05-03 13:42:31.026 [info] Getting sessions for all scopes...
2026-05-03 13:42:31.026 [info] Got 0 sessions for ...
2026-05-03 13:42:31.027 [info] Getting sessions for user:email...
2026-05-03 13:42:31.027 [info] Got 0 sessions for user:email...
2026-05-03 13:42:32.259 [info] Getting sessions for all scopes...
2026-05-03 13:42:32.259 [info] Got 0 sessions for ...
2026-05-03 13:42:32.260 [info] Getting sessions for user:email...
2026-05-03 13:42:32.260 [info] Got 0 sessions for user:email...
2026-05-03 13:42:32.496 [info] Getting sessions for all scopes...
2026-05-03 13:42:32.496 [info] Got 0 sessions for ...
2026-05-03 13:42:32.497 [info] Getting sessions for user:email...
2026-05-03 13:42:32.497 [info] Got 0 sessions for user:email...
2026-05-03 13:42:32.556 [info] Getting sessions for all scopes...
2026-05-03 13:42:32.556 [info] Got 0 sessions for ...
2026-05-03 13:42:32.558 [info] Getting sessions for user:email...
2026-05-03 13:42:32.558 [info] Got 0 sessions for user:email...
2026-05-03 13:42:32.747 [info] Getting sessions for all scopes...
2026-05-03 13:42:32.747 [info] Got 0 sessions for ...
2026-05-03 13:42:32.748 [info] Getting sessions for user:email...
2026-05-03 13:42:32.748 [info] Got 0 sessions for user:email...
2026-05-03 13:42:32.819 [info] Getting sessions for all scopes...
2026-05-03 13:42:32.819 [info] Got 0 sessions for ...
2026-05-03 13:42:32.821 [info] Getting sessions for user:email...
2026-05-03 13:42:32.821 [info] Got 0 sessions for user:email...
2026-05-03 13:42:32.959 [info] Getting sessions for all scopes...
2026-05-03 13:42:32.959 [info] Got 0 sessions for ...
2026-05-03 13:42:32.961 [info] Getting sessions for user:email...
2026-05-03 13:42:32.961 [info] Got 0 sessions for user:email...
2026-05-03 13:42:33.100 [info] Getting sessions for all scopes...
2026-05-03 13:42:33.100 [info] Got 0 sessions for ...
2026-05-03 13:42:33.101 [info] Getting sessions for user:email...
2026-05-03 13:42:33.101 [info] Got 0 sessions for user:email...
2026-05-03 13:42:33.172 [info] Getting sessions for all scopes...
2026-05-03 13:42:33.172 [info] Got 0 sessions for ...
2026-05-03 13:42:33.173 [info] Getting sessions for user:email...
2026-05-03 13:42:33.173 [info] Got 0 sessions for user:email...
2026-05-03 13:42:33.318 [info] Getting sessions for all scopes...
2026-05-03 13:42:33.318 [info] Got 0 sessions for ...
2026-05-03 13:42:33.319 [info] Getting sessions for user:email...
2026-05-03 13:42:33.319 [info] Got 0 sessions for user:email...
2026-05-03 13:42:33.339 [info] Getting sessions for all scopes...
2026-05-03 13:42:33.339 [info] Got 0 sessions for ...
2026-05-03 13:42:33.340 [info] Getting sessions for user:email...
2026-05-03 13:42:33.340 [info] Got 0 sessions for user:email...
2026-05-03 13:42:33.535 [info] Getting sessions for all scopes...
2026-05-03 13:42:33.535 [info] Got 0 sessions for ...
2026-05-03 13:42:33.537 [info] Getting sessions for user:email...
2026-05-03 13:42:33.537 [info] Got 0 sessions for user:email...
2026-05-03 13:42:33.743 [info] Getting sessions for all scopes...
2026-05-03 13:42:33.743 [info] Got 0 sessions for ...
2026-05-03 13:42:33.746 [info] Getting sessions for user:email...
2026-05-03 13:42:33.746 [info] Got 0 sessions for user:email...
2026-05-03 13:42:33.850 [info] Getting sessions for all scopes...
2026-05-03 13:42:33.850 [info] Got 0 sessions for ...
2026-05-03 13:42:33.851 [info] Getting sessions for user:email...
2026-05-03 13:42:33.851 [info] Got 0 sessions for user:email...
2026-05-03 13:42:36.144 [info] Getting sessions for all scopes...
2026-05-03 13:42:36.144 [info] Got 0 sessions for ...
2026-05-03 13:42:36.145 [info] Getting sessions for user:email...
2026-05-03 13:42:36.145 [info] Got 0 sessions for user:email...
2026-05-03 13:42:36.651 [info] Getting sessions for all scopes...
2026-05-03 13:42:36.651 [info] Got 0 sessions for ...
2026-05-03 13:42:36.652 [info] Getting sessions for user:email...
2026-05-03 13:42:36.652 [info] Got 0 sessions for user:email...
2026-05-03 13:42:41.654 [info] Getting sessions for all scopes...
2026-05-03 13:42:41.654 [info] Got 0 sessions for ...
2026-05-03 13:42:41.655 [info] Getting sessions for user:email...
2026-05-03 13:42:41.655 [info] Got 0 sessions for user:email...
2026-05-03 13:42:48.659 [info] Getting sessions for all scopes...
2026-05-03 13:42:48.659 [info] Got 0 sessions for ...
2026-05-03 13:42:48.660 [info] Getting sessions for user:email...
2026-05-03 13:42:48.660 [info] Got 0 sessions for user:email...
2026-05-03 13:42:48.818 [info] Getting sessions for all scopes...
2026-05-03 13:42:48.818 [info] Got 0 sessions for ...
2026-05-03 13:42:48.819 [info] Getting sessions for user:email...
2026-05-03 13:42:48.819 [info] Got 0 sessions for user:email...
2026-05-03 13:42:48.978 [info] Getting sessions for all scopes...
2026-05-03 13:42:48.978 [info] Got 0 sessions for ...
2026-05-03 13:42:48.979 [info] Getting sessions for user:email...
2026-05-03 13:42:48.979 [info] Got 0 sessions for user:email...
2026-05-03 13:42:49.113 [info] Getting sessions for all scopes...
2026-05-03 13:42:49.113 [info] Got 0 sessions for ...
2026-05-03 13:42:49.114 [info] Getting sessions for user:email...
2026-05-03 13:42:49.114 [info] Got 0 sessions for user:email...
2026-05-03 13:42:49.249 [info] Getting sessions for all scopes...
2026-05-03 13:42:49.249 [info] Got 0 sessions for ...
2026-05-03 13:42:49.250 [info] Getting sessions for user:email...
2026-05-03 13:42:49.250 [info] Got 0 sessions for user:email...
2026-05-03 13:42:49.383 [info] Getting sessions for all scopes...
2026-05-03 13:42:49.383 [info] Got 0 sessions for ...
2026-05-03 13:42:49.383 [info] Getting sessions for user:email...
2026-05-03 13:42:49.383 [info] Got 0 sessions for user:email...
2026-05-03 13:42:49.517 [info] Getting sessions for all scopes...
2026-05-03 13:42:49.517 [info] Got 0 sessions for ...
2026-05-03 13:42:49.519 [info] Getting sessions for user:email...
2026-05-03 13:42:49.519 [info] Got 0 sessions for user:email...
2026-05-03 13:42:49.653 [info] Getting sessions for all scopes...
2026-05-03 13:42:49.653 [info] Got 0 sessions for ...
2026-05-03 13:42:49.654 [info] Getting sessions for user:email...
2026-05-03 13:42:49.654 [info] Got 0 sessions for user:email...
2026-05-03 13:42:49.763 [info] Getting sessions for all scopes...
2026-05-03 13:42:49.763 [info] Got 0 sessions for ...
2026-05-03 13:42:49.764 [info] Getting sessions for user:email...
2026-05-03 13:42:49.764 [info] Got 0 sessions for user:email...
2026-05-03 13:42:49.898 [info] Getting sessions for all scopes...
2026-05-03 13:42:49.898 [info] Got 0 sessions for ...
2026-05-03 13:42:49.898 [info] Getting sessions for user:email...
2026-05-03 13:42:49.898 [info] Got 0 sessions for user:email...
2026-05-03 13:42:50.034 [info] Getting sessions for all scopes...
2026-05-03 13:42:50.034 [info] Got 0 sessions for ...
2026-05-03 13:42:50.035 [info] Getting sessions for user:email...
2026-05-03 13:42:50.035 [info] Got 0 sessions for user:email...
2026-05-03 13:42:50.169 [info] Getting sessions for all scopes...
2026-05-03 13:42:50.169 [info] Got 0 sessions for ...
2026-05-03 13:42:50.170 [info] Getting sessions for user:email...
2026-05-03 13:42:50.170 [info] Got 0 sessions for user:email...
2026-05-03 13:42:50.303 [info] Getting sessions for all scopes...
2026-05-03 13:42:50.303 [info] Got 0 sessions for ...
2026-05-03 13:42:50.305 [info] Getting sessions for user:email...
2026-05-03 13:42:50.305 [info] Got 0 sessions for user:email...
2026-05-03 13:42:50.438 [info] Getting sessions for all scopes...
2026-05-03 13:42:50.438 [info] Got 0 sessions for ...
2026-05-03 13:42:50.439 [info] Getting sessions for user:email...
2026-05-03 13:42:50.439 [info] Got 0 sessions for user:email...
2026-05-03 13:42:50.573 [info] Getting sessions for all scopes...
2026-05-03 13:42:50.573 [info] Got 0 sessions for ...
2026-05-03 13:42:50.575 [info] Getting sessions for user:email...
2026-05-03 13:42:50.575 [info] Got 0 sessions for user:email...
2026-05-03 13:42:50.709 [info] Getting sessions for all scopes...
2026-05-03 13:42:50.709 [info] Got 0 sessions for ...
2026-05-03 13:42:50.710 [info] Getting sessions for user:email...
2026-05-03 13:42:50.710 [info] Got 0 sessions for user:email...
2026-05-03 13:42:50.869 [info] Getting sessions for all scopes...
2026-05-03 13:42:50.878 [info] Got 0 sessions for ...
2026-05-03 13:42:50.880 [info] Getting sessions for user:email...
2026-05-03 13:42:50.880 [info] Got 0 sessions for user:email...
2026-05-03 13:42:50.978 [info] Getting sessions for all scopes...
2026-05-03 13:42:50.978 [info] Got 0 sessions for ...
2026-05-03 13:42:50.979 [info] Getting sessions for user:email...
2026-05-03 13:42:50.979 [info] Got 0 sessions for user:email...
2026-05-03 13:42:51.558 [info] Getting sessions for all scopes...
2026-05-03 13:42:51.558 [info] Got 0 sessions for ...
2026-05-03 13:42:51.559 [info] Getting sessions for user:email...
2026-05-03 13:42:51.559 [info] Got 0 sessions for user:email...
2026-05-03 13:42:51.618 [info] Getting sessions for all scopes...
2026-05-03 13:42:51.618 [info] Got 0 sessions for ...
2026-05-03 13:42:51.618 [info] Getting sessions for user:email...
2026-05-03 13:42:51.618 [info] Got 0 sessions for user:email...
2026-05-03 13:42:51.779 [info] Getting sessions for all scopes...
2026-05-03 13:42:51.779 [info] Got 0 sessions for ...
2026-05-03 13:42:51.780 [info] Getting sessions for user:email...
2026-05-03 13:42:51.780 [info] Got 0 sessions for user:email...
2026-05-03 13:42:51.910 [info] Getting sessions for all scopes...
2026-05-03 13:42:51.910 [info] Got 0 sessions for ...
2026-05-03 13:42:51.911 [info] Getting sessions for user:email...
2026-05-03 13:42:51.911 [info] Got 0 sessions for user:email...
2026-05-03 13:42:51.960 [info] Getting sessions for all scopes...
2026-05-03 13:42:51.960 [info] Got 0 sessions for ...
2026-05-03 13:42:51.961 [info] Getting sessions for user:email...
2026-05-03 13:42:51.961 [info] Got 0 sessions for user:email...
2026-05-03 13:42:52.078 [info] Getting sessions for all scopes...
2026-05-03 13:42:52.078 [info] Got 0 sessions for ...
2026-05-03 13:42:52.079 [info] Getting sessions for user:email...
2026-05-03 13:42:52.079 [info] Got 0 sessions for user:email...
2026-05-03 13:42:57.078 [info] Getting sessions for all scopes...
2026-05-03 13:42:57.078 [info] Got 0 sessions for ...
2026-05-03 13:42:57.079 [info] Getting sessions for user:email...
2026-05-03 13:42:57.079 [info] Got 0 sessions for user:email...
2026-05-03 13:46:04.040 [info] Getting sessions for all scopes...
2026-05-03 13:46:04.040 [info] Got 0 sessions for ...
2026-05-03 13:46:04.041 [info] Getting sessions for user:email...
2026-05-03 13:46:04.042 [info] Got 0 sessions for user:email...
2026-05-03 13:46:04.149 [info] Getting sessions for all scopes...
2026-05-03 13:46:04.149 [info] Got 0 sessions for ...
2026-05-03 13:46:04.150 [info] Getting sessions for user:email...
2026-05-03 13:46:04.150 [info] Got 0 sessions for user:email...
2026-05-03 13:46:04.410 [info] Getting sessions for all scopes...
2026-05-03 13:46:04.410 [info] Got 0 sessions for ...
2026-05-03 13:46:04.411 [info] Getting sessions for user:email...
2026-05-03 13:46:04.411 [info] Got 0 sessions for user:email...
2026-05-03 13:46:04.774 [info] Getting sessions for all scopes...
2026-05-03 13:46:04.774 [info] Got 0 sessions for ...
2026-05-03 13:46:04.775 [info] Getting sessions for user:email...
2026-05-03 13:46:04.775 [info] Got 0 sessions for user:email...
2026-05-03 13:46:04.882 [info] Getting sessions for all scopes...
2026-05-03 13:46:04.882 [info] Got 0 sessions for ...
2026-05-03 13:46:04.884 [info] Getting sessions for user:email...
2026-05-03 13:46:04.884 [info] Got 0 sessions for user:email...
2026-05-03 13:46:05.044 [info] Getting sessions for all scopes...
2026-05-03 13:46:05.044 [info] Got 0 sessions for ...
2026-05-03 13:46:05.044 [info] Getting sessions for user:email...
2026-05-03 13:46:05.044 [info] Got 0 sessions for user:email...
2026-05-03 13:46:05.204 [info] Getting sessions for all scopes...
2026-05-03 13:46:05.204 [info] Got 0 sessions for ...
2026-05-03 13:46:05.205 [info] Getting sessions for user:email...
2026-05-03 13:46:05.205 [info] Got 0 sessions for user:email...
2026-05-03 13:46:05.338 [info] Getting sessions for all scopes...
2026-05-03 13:46:05.338 [info] Got 0 sessions for ...
2026-05-03 13:46:05.338 [info] Getting sessions for user:email...
2026-05-03 13:46:05.338 [info] Got 0 sessions for user:email...
2026-05-03 13:46:05.498 [info] Getting sessions for all scopes...
2026-05-03 13:46:05.498 [info] Got 0 sessions for ...
2026-05-03 13:46:05.499 [info] Getting sessions for user:email...
2026-05-03 13:46:05.499 [info] Got 0 sessions for user:email...
2026-05-03 13:46:06.255 [info] Getting sessions for all scopes...
2026-05-03 13:46:06.255 [info] Got 0 sessions for ...
2026-05-03 13:46:06.256 [info] Getting sessions for user:email...
2026-05-03 13:46:06.256 [info] Got 0 sessions for user:email...
2026-05-03 13:46:06.346 [info] Getting sessions for all scopes...
2026-05-03 13:46:06.346 [info] Got 0 sessions for ...
2026-05-03 13:46:06.346 [info] Getting sessions for user:email...
2026-05-03 13:46:06.346 [info] Got 0 sessions for user:email...
2026-05-03 13:46:06.414 [info] Getting sessions for all scopes...
2026-05-03 13:46:06.414 [info] Got 0 sessions for ...
2026-05-03 13:46:06.414 [info] Getting sessions for user:email...
2026-05-03 13:46:06.414 [info] Got 0 sessions for user:email...
2026-05-03 13:46:06.608 [info] Getting sessions for all scopes...
2026-05-03 13:46:06.608 [info] Got 0 sessions for ...
2026-05-03 13:46:06.608 [info] Getting sessions for user:email...
2026-05-03 13:46:06.608 [info] Got 0 sessions for user:email...
2026-05-03 13:46:06.818 [info] Getting sessions for all scopes...
2026-05-03 13:46:06.818 [info] Got 0 sessions for ...
2026-05-03 13:46:06.819 [info] Getting sessions for user:email...
2026-05-03 13:46:06.819 [info] Got 0 sessions for user:email...
2026-05-03 13:46:06.908 [info] Getting sessions for all scopes...
2026-05-03 13:46:06.908 [info] Got 0 sessions for ...
2026-05-03 13:46:06.909 [info] Getting sessions for user:email...
2026-05-03 13:46:06.909 [info] Got 0 sessions for user:email...
2026-05-03 13:46:07.039 [info] Getting sessions for all scopes...
2026-05-03 13:46:07.039 [info] Got 0 sessions for ...
2026-05-03 13:46:07.040 [info] Getting sessions for user:email...
2026-05-03 13:46:07.040 [info] Got 0 sessions for user:email...
2026-05-03 13:46:07.201 [info] Getting sessions for all scopes...
2026-05-03 13:46:07.201 [info] Got 0 sessions for ...
2026-05-03 13:46:07.202 [info] Getting sessions for user:email...
2026-05-03 13:46:07.202 [info] Got 0 sessions for user:email...
2026-05-03 13:46:07.387 [info] Getting sessions for all scopes...
2026-05-03 13:46:07.387 [info] Got 0 sessions for ...
2026-05-03 13:46:07.388 [info] Getting sessions for user:email...
2026-05-03 13:46:07.388 [info] Got 0 sessions for user:email...
2026-05-03 13:46:12.389 [info] Getting sessions for all scopes...
2026-05-03 13:46:12.389 [info] Got 0 sessions for ...
2026-05-03 13:46:12.390 [info] Getting sessions for user:email...
2026-05-03 13:46:12.390 [info] Got 0 sessions for user:email...
2026-05-03 13:46:20.580 [info] Getting sessions for all scopes...
2026-05-03 13:46:20.580 [info] Got 0 sessions for ...
2026-05-03 13:46:20.581 [info] Getting sessions for user:email...
2026-05-03 13:46:20.581 [info] Got 0 sessions for user:email...
2026-05-03 13:46:21.634 [info] Getting sessions for all scopes...
2026-05-03 13:46:21.634 [info] Got 0 sessions for ...
2026-05-03 13:46:21.634 [info] Getting sessions for user:email...
2026-05-03 13:46:21.634 [info] Got 0 sessions for user:email...
2026-05-03 13:46:26.636 [info] Getting sessions for all scopes...
2026-05-03 13:46:26.636 [info] Got 0 sessions for ...
2026-05-03 13:46:26.637 [info] Getting sessions for user:email...
2026-05-03 13:46:26.637 [info] Got 0 sessions for user:email...
2026-05-03 13:49:54.702 [info] Getting sessions for all scopes...
2026-05-03 13:49:54.703 [info] Got 0 sessions for ...
2026-05-03 13:49:54.705 [info] Getting sessions for user:email...
2026-05-03 13:49:54.705 [info] Got 0 sessions for user:email...
2026-05-03 13:49:57.317 [info] Getting sessions for all scopes...
2026-05-03 13:49:57.317 [info] Got 0 sessions for ...
2026-05-03 13:49:57.318 [info] Getting sessions for user:email...
2026-05-03 13:49:57.318 [info] Got 0 sessions for user:email...
2026-05-03 13:49:58.405 [info] Getting sessions for all scopes...
2026-05-03 13:49:58.405 [info] Got 0 sessions for ...
2026-05-03 13:49:58.406 [info] Getting sessions for user:email...
2026-05-03 13:49:58.406 [info] Got 0 sessions for user:email...
2026-05-03 13:49:58.615 [info] Getting sessions for all scopes...
2026-05-03 13:49:58.615 [info] Got 0 sessions for ...
2026-05-03 13:49:58.616 [info] Getting sessions for user:email...
2026-05-03 13:49:58.616 [info] Got 0 sessions for user:email...
2026-05-03 13:50:03.620 [info] Getting sessions for all scopes...
2026-05-03 13:50:03.620 [info] Got 0 sessions for ...
2026-05-03 13:50:03.621 [info] Getting sessions for user:email...
2026-05-03 13:50:03.621 [info] Got 0 sessions for user:email...
2026-05-03 13:50:16.431 [info] Getting sessions for all scopes...
2026-05-03 13:50:16.431 [info] Got 0 sessions for ...
2026-05-03 13:50:16.432 [info] Getting sessions for user:email...
2026-05-03 13:50:16.432 [info] Got 0 sessions for user:email...
2026-05-03 13:50:17.822 [info] Getting sessions for all scopes...
2026-05-03 13:50:17.822 [info] Got 0 sessions for ...
2026-05-03 13:50:17.823 [info] Getting sessions for user:email...
2026-05-03 13:50:17.823 [info] Got 0 sessions for user:email...
2026-05-03 13:50:22.827 [info] Getting sessions for all scopes...
2026-05-03 13:50:22.827 [info] Got 0 sessions for ...
2026-05-03 13:50:22.828 [info] Getting sessions for user:email...
2026-05-03 13:50:22.828 [info] Got 0 sessions for user:email...
