[10:49:13.998][Logger] New log placeholder %WS1% registered for /home/cm/.config/sway .
[10:49:13.998][Extension] Initializing LaTeX Workshop.
[10:49:14.115][Build][Recipe] Set $LATEXWORKSHOP_DOCKER_LATEX: ""
[10:49:14.141][Server] Creating LaTeX Workshop http and websocket server.
[10:49:14.194][Format][Bib] Bibtex format config: {"tab":"  ","case":"lowercase","left":"{","right":"}","trailingComma":false,"sort":["key"],"alignOnEqual":true,"sortFields":false,"fieldsOrder":[],"firstEntries":["string","xdata"]}
[10:49:14.219][Server] Server successfully started: {"address":"127.0.0.1","family":"IPv4","port":40719} .
[10:49:14.226][Extension] Extension root: /home/cm/.vscode/extensions/james-yu.latex-workshop-9.19.1
[10:49:14.226][Extension] $PATH: /home/cm/.local/bin:/usr/local/sbin:/usr/local/bin:/usr/sbin:/usr/bin:/sbin:/bin:/usr/games:/usr/local/games:/snap/bin:/snap/bin
[10:49:14.226][Extension] $SHELL: /bin/bash
[10:49:14.227][Extension] $LANG: en_US.UTF-8
[10:49:14.227][Extension] $LC_ALL: C.UTF-8
[10:49:14.227][Extension] process.platform: linux
[10:49:14.227][Extension] process.arch: x64
[10:49:14.227][Extension] vscode.env.appName: Visual Studio Code
[10:49:14.227][Extension] vscode.env.remoteName: undefined
[10:49:14.227][Extension] vscode.env.uiKind: 1
[10:49:14.251][Extension] Trigger characters for intellisense of LaTeX documents: ["\\",",","{"]
[10:49:14.252][Root] Current workspace folders: ["file://%WS1%"]
[10:49:14.252][Extension] LaTeX Workshop initialized.
[10:49:14.253][Root] Current workspaceRootDir: file://%WS1% .
[10:49:14.258][Server] valdOrigin is http://127.0.0.1:40719
[10:49:14.310][Root] No root file found.
[10:49:14.310][Structure] Structure cleared on undefined root.
[10:49:14.311][Event] ROOT_FILE_SEARCHED
[10:49:14.311][Event] STRUCTURE_UPDATED
[10:52:31.299][Cacher][Watcher] Reset.
[10:52:31.299][Cacher][Watcher] Reset.
