--------------------------------------------------------------------------------
[Apr 16, 2026 10:51:22.2 PM GMT:ERROR:creative_new_tab_page_ads_util.cc(157)] Successfully saved creative new tab page ads
[Apr 16, 2026 10:51:22.2 PM GMT:ERROR:creative_new_tab_page_ads_util.cc(142)] Successfully saved creative set conversions
--------------------------------------------------------------------------------
[Apr 16, 2026 11:03:09.9 PM GMT:ERROR:creative_new_tab_page_ads_util.cc(157)] Successfully saved creative new tab page ads
[Apr 16, 2026 11:03:09.9 PM GMT:ERROR:creative_new_tab_page_ads_util.cc(142)] Successfully saved creative set conversions
[Apr 17, 2026 3:15:56.8 AM GMT:ERROR:creative_new_tab_page_ads_util.cc(157)] Successfully saved creative new tab page ads
[Apr 17, 2026 3:15:56.8 AM GMT:ERROR:creative_new_tab_page_ads_util.cc(142)] Successfully saved creative set conversions
--------------------------------------------------------------------------------
[Apr 28, 2026 11:02:54.6 PM GMT:ERROR:creative_new_tab_page_ads_util.cc(157)] Successfully saved creative new tab page ads
[Apr 28, 2026 11:02:54.6 PM GMT:ERROR:creative_new_tab_page_ads_util.cc(142)] Successfully saved creative set conversions
[Apr 28, 2026 11:02:57.5 PM GMT:ERROR:creative_new_tab_page_ads_util.cc(157)] Successfully saved creative new tab page ads
[Apr 28, 2026 11:02:57.5 PM GMT:ERROR:creative_new_tab_page_ads_util.cc(142)] Successfully saved creative set conversions
--------------------------------------------------------------------------------
[Apr 28, 2026 11:10:10.1 PM GMT:ERROR:creative_new_tab_page_ads_util.cc(157)] Successfully saved creative new tab page ads
[Apr 28, 2026 11:10:10.1 PM GMT:ERROR:creative_new_tab_page_ads_util.cc(142)] Successfully saved creative set conversions
--------------------------------------------------------------------------------
[Apr 28, 2026 11:53:06.6 PM GMT:ERROR:creative_new_tab_page_ads_util.cc(157)] Successfully saved creative new tab page ads
[Apr 28, 2026 11:53:06.6 PM GMT:ERROR:creative_new_tab_page_ads_util.cc(142)] Successfully saved creative set conversions
--------------------------------------------------------------------------------
[Apr 28, 2026 11:55:12.7 PM GMT:ERROR:creative_new_tab_page_ads_util.cc(157)] Successfully saved creative new tab page ads
[Apr 28, 2026 11:55:12.7 PM GMT:ERROR:creative_new_tab_page_ads_util.cc(142)] Successfully saved creative set conversions
--------------------------------------------------------------------------------
[Apr 29, 2026 12:00:25.6 AM GMT:ERROR:creative_new_tab_page_ads_util.cc(157)] Successfully saved creative new tab page ads
[Apr 29, 2026 12:00:25.6 AM GMT:ERROR:creative_new_tab_page_ads_util.cc(142)] Successfully saved creative set conversions
--------------------------------------------------------------------------------
[Apr 29, 2026 12:30:59.1 AM GMT:ERROR:creative_new_tab_page_ads_util.cc(157)] Successfully saved creative new tab page ads
[Apr 29, 2026 12:30:59.1 AM GMT:ERROR:creative_new_tab_page_ads_util.cc(142)] Successfully saved creative set conversions
[Apr 29, 2026 3:31:00.1 AM GMT:ERROR:creative_new_tab_page_ads_util.cc(157)] Successfully saved creative new tab page ads
[Apr 29, 2026 3:31:00.1 AM GMT:ERROR:creative_new_tab_page_ads_util.cc(142)] Successfully saved creative set conversions
--------------------------------------------------------------------------------
[Apr 29, 2026 4:30:26.6 AM GMT:ERROR:creative_new_tab_page_ads_util.cc(157)] Successfully saved creative new tab page ads
[Apr 29, 2026 4:30:26.6 AM GMT:ERROR:creative_new_tab_page_ads_util.cc(142)] Successfully saved creative set conversions
--------------------------------------------------------------------------------
[Apr 29, 2026 4:31:27.5 AM GMT:ERROR:creative_new_tab_page_ads_util.cc(157)] Successfully saved creative new tab page ads
[Apr 29, 2026 4:31:27.5 AM GMT:ERROR:creative_new_tab_page_ads_util.cc(142)] Successfully saved creative set conversions
--------------------------------------------------------------------------------
[Apr 29, 2026 4:51:05.9 AM GMT:ERROR:creative_new_tab_page_ads_util.cc(157)] Successfully saved creative new tab page ads
[Apr 29, 2026 4:51:05.9 AM GMT:ERROR:creative_new_tab_page_ads_util.cc(142)] Successfully saved creative set conversions
--------------------------------------------------------------------------------
[Apr 29, 2026 5:22:21.2 PM GMT:ERROR:creative_new_tab_page_ads_util.cc(157)] Successfully saved creative new tab page ads
[Apr 29, 2026 5:22:21.2 PM GMT:ERROR:creative_new_tab_page_ads_util.cc(142)] Successfully saved creative set conversions
[Apr 29, 2026 5:22:25.8 PM GMT:ERROR:creative_new_tab_page_ads_util.cc(157)] Successfully saved creative new tab page ads
[Apr 29, 2026 5:22:25.8 PM GMT:ERROR:creative_new_tab_page_ads_util.cc(142)] Successfully saved creative set conversions
--------------------------------------------------------------------------------
[Apr 29, 2026 5:44:35.3 PM GMT:ERROR:creative_new_tab_page_ads_util.cc(157)] Successfully saved creative new tab page ads
[Apr 29, 2026 5:44:35.3 PM GMT:ERROR:creative_new_tab_page_ads_util.cc(142)] Successfully saved creative set conversions
--------------------------------------------------------------------------------
[Apr 29, 2026 5:48:31.6 PM GMT:ERROR:creative_new_tab_page_ads_util.cc(157)] Successfully saved creative new tab page ads
[Apr 29, 2026 5:48:31.6 PM GMT:ERROR:creative_new_tab_page_ads_util.cc(142)] Successfully saved creative set conversions
--------------------------------------------------------------------------------
[Apr 29, 2026 6:08:30.6 PM GMT:ERROR:creative_new_tab_page_ads_util.cc(157)] Successfully saved creative new tab page ads
[Apr 29, 2026 6:08:30.6 PM GMT:ERROR:creative_new_tab_page_ads_util.cc(142)] Successfully saved creative set conversions
--------------------------------------------------------------------------------
[Apr 29, 2026 6:41:15.0 PM GMT:ERROR:creative_new_tab_page_ads_util.cc(157)] Successfully saved creative new tab page ads
[Apr 29, 2026 6:41:15.0 PM GMT:ERROR:creative_new_tab_page_ads_util.cc(142)] Successfully saved creative set conversions
--------------------------------------------------------------------------------
[Apr 30, 2026 2:09:38.4 AM GMT:ERROR:creative_new_tab_page_ads_util.cc(157)] Successfully saved creative new tab page ads
[Apr 30, 2026 2:09:38.4 AM GMT:ERROR:creative_new_tab_page_ads_util.cc(142)] Successfully saved creative set conversions
--------------------------------------------------------------------------------
[Apr 30, 2026 2:13:35.2 AM GMT:ERROR:creative_new_tab_page_ads_util.cc(157)] Successfully saved creative new tab page ads
[Apr 30, 2026 2:13:35.2 AM GMT:ERROR:creative_new_tab_page_ads_util.cc(142)] Successfully saved creative set conversions
--------------------------------------------------------------------------------
[Apr 30, 2026 2:15:12.6 AM GMT:ERROR:creative_new_tab_page_ads_util.cc(157)] Successfully saved creative new tab page ads
[Apr 30, 2026 2:15:12.6 AM GMT:ERROR:creative_new_tab_page_ads_util.cc(142)] Successfully saved creative set conversions
[Apr 30, 2026 3:15:13.1 AM GMT:ERROR:creative_new_tab_page_ads_util.cc(157)] Successfully saved creative new tab page ads
[Apr 30, 2026 3:15:13.1 AM GMT:ERROR:creative_new_tab_page_ads_util.cc(142)] Successfully saved creative set conversions
--------------------------------------------------------------------------------
[Apr 30, 2026 3:43:24.9 PM GMT:ERROR:creative_new_tab_page_ads_util.cc(157)] Successfully saved creative new tab page ads
[Apr 30, 2026 3:43:24.9 PM GMT:ERROR:creative_new_tab_page_ads_util.cc(142)] Successfully saved creative set conversions
[May 01, 2026 7:39:17.9 PM GMT:ERROR:creative_new_tab_page_ads_util.cc(157)] Successfully saved creative new tab page ads
[May 01, 2026 7:39:17.9 PM GMT:ERROR:creative_new_tab_page_ads_util.cc(142)] Successfully saved creative set conversions
--------------------------------------------------------------------------------
[May 02, 2026 3:37:24.1 PM GMT:ERROR:creative_new_tab_page_ads_util.cc(157)] Successfully saved creative new tab page ads
[May 02, 2026 3:37:24.1 PM GMT:ERROR:creative_new_tab_page_ads_util.cc(142)] Successfully saved creative set conversions
[May 02, 2026 3:37:26.9 PM GMT:ERROR:creative_new_tab_page_ads_util.cc(157)] Successfully saved creative new tab page ads
[May 02, 2026 3:37:26.9 PM GMT:ERROR:creative_new_tab_page_ads_util.cc(142)] Successfully saved creative set conversions
--------------------------------------------------------------------------------
[May 02, 2026 5:13:50.5 PM GMT:ERROR:creative_new_tab_page_ads_util.cc(157)] Successfully saved creative new tab page ads
[May 02, 2026 5:13:50.5 PM GMT:ERROR:creative_new_tab_page_ads_util.cc(142)] Successfully saved creative set conversions
--------------------------------------------------------------------------------
[May 02, 2026 6:38:57.3 PM GMT:ERROR:creative_new_tab_page_ads_util.cc(157)] Successfully saved creative new tab page ads
[May 02, 2026 6:38:57.3 PM GMT:ERROR:creative_new_tab_page_ads_util.cc(142)] Successfully saved creative set conversions
