2026-05-03 19:15:16.891 [info] Reading sessions from keychain...
2026-05-03 19:15:16.891 [info] Got stored sessions!
2026-05-03 19:15:16.891 [info] Got 1 verified sessions.
2026-05-03 19:15:16.891 [info] Getting sessions for all scopes...
2026-05-03 19:15:16.891 [info] Got 1 sessions for ...
2026-05-03 19:15:16.891 [info] Getting sessions for all scopes...
2026-05-03 19:15:16.891 [info] Got 1 sessions for ...
2026-05-03 19:15:16.891 [info] Getting sessions for all scopes...
2026-05-03 19:15:16.891 [info] Got 1 sessions for ...
2026-05-03 19:15:16.891 [info] Getting sessions for all scopes...
2026-05-03 19:15:16.891 [info] Got 1 sessions for ...
2026-05-03 19:15:16.891 [info] Getting sessions for all scopes...
2026-05-03 19:15:16.891 [info] Got 1 sessions for ...
2026-05-03 19:15:16.891 [info] Getting sessions for all scopes...
2026-05-03 19:15:16.891 [info] Got 1 sessions for ...
2026-05-03 19:15:16.891 [info] Getting sessions for all scopes...
2026-05-03 19:15:16.891 [info] Got 1 sessions for ...
2026-05-03 19:15:16.891 [info] Getting sessions for read:user,repo,user:email,workflow...
2026-05-03 19:15:16.891 [info] Got 1 sessions for read:user,repo,user:email,workflow...
2026-05-03 19:15:17.343 [info] Getting sessions for all scopes...
2026-05-03 19:15:17.343 [info] Got 1 sessions for ...
2026-05-03 19:15:17.344 [info] Getting sessions for all scopes...
2026-05-03 19:15:17.344 [info] Got 1 sessions for ...
2026-05-03 19:15:17.344 [info] Getting sessions for all scopes...
2026-05-03 19:15:17.344 [info] Got 1 sessions for ...
2026-05-03 19:15:17.801 [info] Getting sessions for read:user,repo,user:email,workflow...
2026-05-03 19:15:17.801 [info] Got 1 sessions for read:user,repo,user:email,workflow...
2026-05-03 19:15:17.810 [info] Getting sessions for all scopes...
2026-05-03 19:15:17.810 [info] Got 1 sessions for ...
2026-05-03 19:15:17.980 [info] FetcherService: Node fetch failed with status: 429 Too Many Requests
2026-05-03 19:15:17.982 [info] Unable to resolve optional EDU details. Status: 429 Too Many Requests
2026-05-03 19:15:18.096 [info] Getting sessions for all scopes...
2026-05-03 19:15:18.097 [info] Got 1 sessions for ...
2026-05-03 19:15:18.110 [info] Getting sessions for read:user,repo,user:email,workflow...
2026-05-03 19:15:18.110 [info] Got 1 sessions for read:user,repo,user:email,workflow...
2026-05-03 19:15:18.188 [info] Getting sessions for all scopes...
2026-05-03 19:15:18.188 [info] Got 1 sessions for ...
2026-05-03 19:15:18.188 [info] Getting sessions for all scopes...
2026-05-03 19:15:18.188 [info] Got 1 sessions for ...
2026-05-03 19:15:18.211 [info] Getting sessions for read:user,repo,user:email,workflow...
2026-05-03 19:15:18.211 [info] Got 1 sessions for read:user,repo,user:email,workflow...
2026-05-03 19:15:18.294 [info] Getting sessions for all scopes...
2026-05-03 19:15:18.295 [info] Got 1 sessions for ...
2026-05-03 19:15:18.295 [info] Getting sessions for all scopes...
2026-05-03 19:15:18.295 [info] Got 1 sessions for ...
2026-05-03 19:15:18.303 [info] Getting sessions for read:user,repo,user:email,workflow...
2026-05-03 19:15:18.303 [info] Got 1 sessions for read:user,repo,user:email,workflow...
2026-05-03 19:15:18.375 [info] Getting sessions for all scopes...
2026-05-03 19:15:18.375 [info] Got 1 sessions for ...
2026-05-03 19:15:18.376 [info] Getting sessions for all scopes...
2026-05-03 19:15:18.376 [info] Got 1 sessions for ...
2026-05-03 19:15:18.431 [info] Getting sessions for all scopes...
2026-05-03 19:15:18.431 [info] Got 1 sessions for ...
2026-05-03 19:15:18.431 [info] Getting sessions for read:user,repo,user:email,workflow...
2026-05-03 19:15:18.431 [info] Got 1 sessions for read:user,repo,user:email,workflow...
2026-05-03 19:15:18.489 [info] Getting sessions for all scopes...
2026-05-03 19:15:18.489 [info] Got 1 sessions for ...
2026-05-03 19:15:18.492 [info] Getting sessions for read:user,repo,user:email,workflow...
2026-05-03 19:15:18.492 [info] Got 1 sessions for read:user,repo,user:email,workflow...
2026-05-03 19:15:18.498 [info] Getting sessions for all scopes...
2026-05-03 19:15:18.498 [info] Got 1 sessions for ...
2026-05-03 19:15:18.500 [info] Getting sessions for read:user,repo,user:email,workflow...
2026-05-03 19:15:18.500 [info] Got 1 sessions for read:user,repo,user:email,workflow...
2026-05-03 19:15:18.521 [info] Getting sessions for all scopes...
2026-05-03 19:15:18.521 [info] Got 1 sessions for ...
2026-05-03 19:15:18.525 [info] Getting sessions for read:user,repo,user:email,workflow...
2026-05-03 19:15:18.525 [info] Got 1 sessions for read:user,repo,user:email,workflow...
2026-05-03 19:15:18.532 [info] Getting sessions for all scopes...
2026-05-03 19:15:18.532 [info] Got 1 sessions for ...
2026-05-03 19:15:18.539 [info] Getting sessions for read:user,repo,user:email,workflow...
2026-05-03 19:15:18.539 [info] Got 1 sessions for read:user,repo,user:email,workflow...
2026-05-03 19:15:18.544 [info] Getting sessions for all scopes...
2026-05-03 19:15:18.544 [info] Got 1 sessions for ...
2026-05-03 19:15:18.544 [info] Getting sessions for read:user,repo,user:email,workflow...
2026-05-03 19:15:18.544 [info] Got 1 sessions for read:user,repo,user:email,workflow...
2026-05-03 19:15:37.281 [info] Getting sessions for all scopes...
2026-05-03 19:15:37.281 [info] Got 1 sessions for ...
2026-05-03 19:15:37.281 [info] Getting sessions for all scopes...
2026-05-03 19:15:37.281 [info] Got 1 sessions for ...
2026-05-03 19:15:40.821 [info] Getting sessions for all scopes...
2026-05-03 19:15:40.821 [info] Got 1 sessions for ...
2026-05-03 19:15:40.821 [info] Getting sessions for all scopes...
2026-05-03 19:15:40.821 [info] Got 1 sessions for ...
2026-05-03 19:16:37.586 [info] Getting sessions for all scopes...
2026-05-03 19:16:37.586 [info] Got 1 sessions for ...
2026-05-03 19:16:37.586 [info] Getting sessions for all scopes...
2026-05-03 19:16:37.586 [info] Got 1 sessions for ...
2026-05-03 19:16:38.903 [info] Getting sessions for all scopes...
2026-05-03 19:16:38.903 [info] Got 1 sessions for ...
2026-05-03 19:16:38.903 [info] Getting sessions for all scopes...
2026-05-03 19:16:38.903 [info] Got 1 sessions for ...
2026-05-03 19:16:55.323 [info] Getting sessions for all scopes...
2026-05-03 19:16:55.323 [info] Got 1 sessions for ...
2026-05-03 19:16:55.323 [info] Getting sessions for all scopes...
2026-05-03 19:16:55.323 [info] Got 1 sessions for ...
2026-05-03 19:17:50.927 [info] Getting sessions for all scopes...
2026-05-03 19:17:50.927 [info] Got 1 sessions for ...
2026-05-03 19:17:50.928 [info] Getting sessions for all scopes...
2026-05-03 19:17:50.928 [info] Got 1 sessions for ...
2026-05-03 19:18:10.204 [info] Getting sessions for all scopes...
2026-05-03 19:18:10.204 [info] Got 1 sessions for ...
2026-05-03 19:18:10.204 [info] Getting sessions for all scopes...
2026-05-03 19:18:10.204 [info] Got 1 sessions for ...
2026-05-03 19:18:10.608 [info] Getting sessions for all scopes...
2026-05-03 19:18:10.608 [info] Got 1 sessions for ...
2026-05-03 19:18:10.608 [info] Getting sessions for all scopes...
2026-05-03 19:18:10.608 [info] Got 1 sessions for ...
2026-05-03 19:18:11.542 [info] Getting sessions for all scopes...
2026-05-03 19:18:11.542 [info] Got 1 sessions for ...
2026-05-03 19:18:11.543 [info] Getting sessions for all scopes...
2026-05-03 19:18:11.543 [info] Got 1 sessions for ...
2026-05-03 19:18:19.360 [info] Getting sessions for all scopes...
2026-05-03 19:18:19.360 [info] Got 1 sessions for ...
2026-05-03 19:18:19.360 [info] Getting sessions for all scopes...
2026-05-03 19:18:19.360 [info] Got 1 sessions for ...
2026-05-03 19:18:19.637 [info] Getting sessions for all scopes...
2026-05-03 19:18:19.637 [info] Got 1 sessions for ...
2026-05-03 19:18:19.638 [info] Getting sessions for all scopes...
2026-05-03 19:18:19.638 [info] Got 1 sessions for ...
2026-05-03 19:18:23.356 [info] Getting sessions for all scopes...
2026-05-03 19:18:23.356 [info] Got 1 sessions for ...
2026-05-03 19:18:23.357 [info] Getting sessions for all scopes...
2026-05-03 19:18:23.357 [info] Got 1 sessions for ...
2026-05-03 19:18:50.426 [info] Getting sessions for all scopes...
2026-05-03 19:18:50.426 [info] Got 1 sessions for ...
2026-05-03 19:18:50.426 [info] Getting sessions for all scopes...
2026-05-03 19:18:50.426 [info] Got 1 sessions for ...
2026-05-03 19:19:27.295 [info] Reading sessions from keychain...
2026-05-03 19:19:27.295 [info] Got stored sessions!
2026-05-03 19:19:27.295 [info] Got 1 verified sessions.
2026-05-03 19:19:27.295 [info] Getting sessions for all scopes...
2026-05-03 19:19:27.295 [info] Got 1 sessions for ...
2026-05-03 19:19:27.295 [info] Getting sessions for all scopes...
2026-05-03 19:19:27.295 [info] Got 1 sessions for ...
2026-05-03 19:19:27.295 [info] Getting sessions for all scopes...
2026-05-03 19:19:27.295 [info] Got 1 sessions for ...
2026-05-03 19:19:27.295 [info] Getting sessions for all scopes...
2026-05-03 19:19:27.295 [info] Got 1 sessions for ...
2026-05-03 19:19:27.295 [info] Getting sessions for all scopes...
2026-05-03 19:19:27.295 [info] Got 1 sessions for ...
2026-05-03 19:19:27.295 [info] Getting sessions for all scopes...
2026-05-03 19:19:27.295 [info] Got 1 sessions for ...
2026-05-03 19:19:27.295 [info] Getting sessions for all scopes...
2026-05-03 19:19:27.295 [info] Got 1 sessions for ...
2026-05-03 19:19:27.304 [info] Getting sessions for read:user,repo,user:email,workflow...
2026-05-03 19:19:27.305 [info] Got 1 sessions for read:user,repo,user:email,workflow...
2026-05-03 19:19:27.616 [info] Getting sessions for all scopes...
2026-05-03 19:19:27.616 [info] Got 1 sessions for ...
2026-05-03 19:19:27.768 [info] Getting sessions for all scopes...
2026-05-03 19:19:27.768 [info] Got 1 sessions for ...
2026-05-03 19:19:27.769 [info] Getting sessions for all scopes...
2026-05-03 19:19:27.769 [info] Got 1 sessions for ...
2026-05-03 19:19:27.923 [info] Getting sessions for read:user,repo,user:email,workflow...
2026-05-03 19:19:27.923 [info] Got 1 sessions for read:user,repo,user:email,workflow...
2026-05-03 19:19:28.259 [info] Getting sessions for all scopes...
2026-05-03 19:19:28.259 [info] Got 1 sessions for ...
2026-05-03 19:19:28.348 [info] Getting sessions for all scopes...
2026-05-03 19:19:28.348 [info] Got 1 sessions for ...
2026-05-03 19:19:28.390 [info] Getting sessions for all scopes...
2026-05-03 19:19:28.390 [info] Got 1 sessions for ...
2026-05-03 19:19:28.423 [info] Getting sessions for read:user,repo,user:email,workflow...
2026-05-03 19:19:28.423 [info] Got 1 sessions for read:user,repo,user:email,workflow...
2026-05-03 19:19:28.506 [info] Getting sessions for all scopes...
2026-05-03 19:19:28.506 [info] Got 1 sessions for ...
2026-05-03 19:19:28.510 [info] Getting sessions for all scopes...
2026-05-03 19:19:28.510 [info] Got 1 sessions for ...
2026-05-03 19:19:28.526 [info] Getting sessions for read:user,repo,user:email,workflow...
2026-05-03 19:19:28.526 [info] Got 1 sessions for read:user,repo,user:email,workflow...
2026-05-03 19:19:28.573 [info] FetcherService: Node fetch failed with status: 429 Too Many Requests
2026-05-03 19:19:28.574 [info] Unable to resolve optional EDU details. Status: 429 Too Many Requests
2026-05-03 19:19:28.579 [info] Getting sessions for all scopes...
2026-05-03 19:19:28.580 [info] Got 1 sessions for ...
2026-05-03 19:19:28.581 [info] Getting sessions for all scopes...
2026-05-03 19:19:28.581 [info] Got 1 sessions for ...
2026-05-03 19:19:28.670 [info] Getting sessions for all scopes...
2026-05-03 19:19:28.670 [info] Got 1 sessions for ...
2026-05-03 19:19:28.671 [info] Getting sessions for read:user,repo,user:email,workflow...
2026-05-03 19:19:28.671 [info] Got 1 sessions for read:user,repo,user:email,workflow...
2026-05-03 19:19:28.674 [info] Getting sessions for all scopes...
2026-05-03 19:19:28.674 [info] Got 1 sessions for ...
2026-05-03 19:19:28.675 [info] Getting sessions for read:user,repo,user:email,workflow...
2026-05-03 19:19:28.675 [info] Got 1 sessions for read:user,repo,user:email,workflow...
2026-05-03 19:19:28.689 [info] Getting sessions for all scopes...
2026-05-03 19:19:28.689 [info] Got 1 sessions for ...
2026-05-03 19:19:28.690 [info] Getting sessions for read:user,repo,user:email,workflow...
2026-05-03 19:19:28.690 [info] Got 1 sessions for read:user,repo,user:email,workflow...
2026-05-03 19:19:28.696 [info] Getting sessions for all scopes...
2026-05-03 19:19:28.696 [info] Got 1 sessions for ...
2026-05-03 19:19:28.697 [info] Getting sessions for read:user,repo,user:email,workflow...
2026-05-03 19:19:28.697 [info] Got 1 sessions for read:user,repo,user:email,workflow...
2026-05-03 19:19:28.704 [info] Getting sessions for all scopes...
2026-05-03 19:19:28.704 [info] Got 1 sessions for ...
2026-05-03 19:19:28.704 [info] Getting sessions for read:user,repo,user:email,workflow...
2026-05-03 19:19:28.704 [info] Got 1 sessions for read:user,repo,user:email,workflow...
2026-05-03 19:21:06.908 [info] Getting sessions for all scopes...
2026-05-03 19:21:06.908 [info] Got 1 sessions for ...
2026-05-03 19:21:06.909 [info] Getting sessions for all scopes...
2026-05-03 19:21:06.909 [info] Got 1 sessions for ...
2026-05-03 19:21:13.759 [info] Getting sessions for all scopes...
2026-05-03 19:21:13.759 [info] Got 1 sessions for ...
2026-05-03 19:21:13.760 [info] Getting sessions for all scopes...
2026-05-03 19:21:13.760 [info] Got 1 sessions for ...
2026-05-03 19:21:45.202 [info] Getting sessions for all scopes...
2026-05-03 19:21:45.202 [info] Got 1 sessions for ...
2026-05-03 19:21:45.203 [info] Getting sessions for all scopes...
2026-05-03 19:21:45.203 [info] Got 1 sessions for ...
2026-05-03 19:21:53.744 [info] Getting sessions for all scopes...
2026-05-03 19:21:53.744 [info] Got 1 sessions for ...
2026-05-03 19:21:53.744 [info] Getting sessions for all scopes...
2026-05-03 19:21:53.744 [info] Got 1 sessions for ...
2026-05-03 19:22:06.163 [info] Getting sessions for all scopes...
2026-05-03 19:22:06.163 [info] Got 1 sessions for ...
2026-05-03 19:22:06.163 [info] Getting sessions for all scopes...
2026-05-03 19:22:06.163 [info] Got 1 sessions for ...
2026-05-03 19:22:41.116 [info] Getting sessions for all scopes...
2026-05-03 19:22:41.116 [info] Got 1 sessions for ...
2026-05-03 19:22:41.116 [info] Getting sessions for all scopes...
2026-05-03 19:22:41.116 [info] Got 1 sessions for ...
2026-05-03 19:24:27.075 [info] Getting sessions for all scopes...
2026-05-03 19:24:27.075 [info] Got 1 sessions for ...
2026-05-03 19:24:27.076 [info] Getting sessions for all scopes...
2026-05-03 19:24:27.076 [info] Got 1 sessions for ...
2026-05-03 19:24:49.831 [info] Getting sessions for all scopes...
2026-05-03 19:24:49.831 [info] Got 1 sessions for ...
2026-05-03 19:24:49.832 [info] Getting sessions for all scopes...
2026-05-03 19:24:49.832 [info] Got 1 sessions for ...
2026-05-03 19:25:35.214 [info] Getting sessions for all scopes...
2026-05-03 19:25:35.214 [info] Got 1 sessions for ...
2026-05-03 19:25:35.214 [info] Getting sessions for all scopes...
2026-05-03 19:25:35.214 [info] Got 1 sessions for ...
2026-05-03 19:26:16.602 [info] Getting sessions for all scopes...
2026-05-03 19:26:16.602 [info] Got 1 sessions for ...
2026-05-03 19:26:16.602 [info] Getting sessions for all scopes...
2026-05-03 19:26:16.603 [info] Got 1 sessions for ...
2026-05-03 19:31:08.012 [info] Getting sessions for all scopes...
2026-05-03 19:31:08.012 [info] Got 1 sessions for ...
2026-05-03 19:31:08.013 [info] Getting sessions for all scopes...
2026-05-03 19:31:08.013 [info] Got 1 sessions for ...
2026-05-03 19:31:15.854 [info] Getting sessions for all scopes...
2026-05-03 19:31:15.854 [info] Got 1 sessions for ...
2026-05-03 19:31:15.854 [info] Getting sessions for all scopes...
2026-05-03 19:31:15.854 [info] Got 1 sessions for ...
2026-05-03 19:31:55.008 [info] Getting sessions for all scopes...
2026-05-03 19:31:55.008 [info] Got 1 sessions for ...
2026-05-03 19:31:55.008 [info] Getting sessions for all scopes...
2026-05-03 19:31:55.008 [info] Got 1 sessions for ...
2026-05-03 19:36:18.952 [info] Getting sessions for all scopes...
2026-05-03 19:36:18.952 [info] Got 1 sessions for ...
2026-05-03 19:36:18.953 [info] Getting sessions for all scopes...
2026-05-03 19:36:18.953 [info] Got 1 sessions for ...
2026-05-03 19:38:53.661 [info] Getting sessions for all scopes...
2026-05-03 19:38:53.661 [info] Got 1 sessions for ...
2026-05-03 19:38:53.662 [info] Getting sessions for all scopes...
2026-05-03 19:38:53.662 [info] Got 1 sessions for ...
2026-05-03 19:41:30.700 [info] Getting sessions for all scopes...
2026-05-03 19:41:30.700 [info] Got 1 sessions for ...
2026-05-03 19:41:30.700 [info] Getting sessions for all scopes...
2026-05-03 19:41:30.700 [info] Got 1 sessions for ...
2026-05-03 19:41:35.146 [info] Getting sessions for all scopes...
2026-05-03 19:41:35.146 [info] Got 1 sessions for ...
2026-05-03 19:41:35.146 [info] Getting sessions for read:user,repo,user:email,workflow...
2026-05-03 19:41:35.146 [info] Got 1 sessions for read:user,repo,user:email,workflow...
2026-05-03 19:41:35.472 [info] Getting sessions for all scopes...
2026-05-03 19:41:35.472 [info] Got 1 sessions for ...
2026-05-03 19:41:35.472 [info] Getting sessions for all scopes...
2026-05-03 19:41:35.472 [info] Got 1 sessions for ...
2026-05-03 19:41:35.473 [info] Getting sessions for read:user,repo,user:email,workflow...
2026-05-03 19:41:35.473 [info] Got 1 sessions for read:user,repo,user:email,workflow...
2026-05-03 19:41:35.480 [info] Getting sessions for all scopes...
2026-05-03 19:41:35.480 [info] Got 1 sessions for ...
2026-05-03 19:41:35.480 [info] Getting sessions for all scopes...
2026-05-03 19:41:35.480 [info] Got 1 sessions for ...
2026-05-03 19:41:35.480 [info] Getting sessions for read:user,repo,user:email,workflow...
2026-05-03 19:41:35.480 [info] Got 1 sessions for read:user,repo,user:email,workflow...
2026-05-03 19:42:01.404 [info] Getting sessions for all scopes...
2026-05-03 19:42:01.405 [info] Got 1 sessions for ...
2026-05-03 19:42:01.405 [info] Getting sessions for all scopes...
2026-05-03 19:42:01.405 [info] Got 1 sessions for ...
2026-05-03 19:42:38.315 [info] Getting sessions for all scopes...
2026-05-03 19:42:38.315 [info] Got 1 sessions for ...
2026-05-03 19:42:38.316 [info] Getting sessions for all scopes...
2026-05-03 19:42:38.316 [info] Got 1 sessions for ...
