2026-05-03 21:26:31.555 [info] Reading sessions from keychain...
2026-05-03 21:26:31.555 [info] Getting sessions for all scopes...
2026-05-03 21:26:31.574 [info] Got stored sessions!
2026-05-03 21:26:31.574 [info] Got 1 verified sessions.
2026-05-03 21:26:31.574 [info] Got 1 sessions for ...
2026-05-03 21:26:31.574 [info] Getting sessions for all scopes...
2026-05-03 21:26:31.574 [info] Got 1 sessions for ...
2026-05-03 21:26:31.574 [info] Getting sessions for all scopes...
2026-05-03 21:26:31.574 [info] Got 1 sessions for ...
2026-05-03 21:26:31.612 [info] Getting sessions for all scopes...
2026-05-03 21:26:31.612 [info] Got 1 sessions for ...
2026-05-03 21:26:31.628 [info] Getting sessions for all scopes...
2026-05-03 21:26:31.628 [info] Got 1 sessions for ...
2026-05-03 21:26:33.072 [info] Getting sessions for all scopes...
2026-05-03 21:26:33.072 [info] Got 1 sessions for ...
2026-05-03 21:26:33.072 [info] Getting sessions for all scopes...
2026-05-03 21:26:33.072 [info] Got 1 sessions for ...
2026-05-03 21:26:33.151 [info] Getting sessions for read:user,repo,user:email,workflow...
2026-05-03 21:26:33.152 [info] Got 1 sessions for read:user,repo,user:email,workflow...
2026-05-03 21:26:33.162 [info] Getting sessions for all scopes...
2026-05-03 21:26:33.162 [info] Got 1 sessions for ...
2026-05-03 21:26:33.162 [info] Getting sessions for read:user,repo,user:email,workflow...
2026-05-03 21:26:33.162 [info] Got 1 sessions for read:user,repo,user:email,workflow...
2026-05-03 21:26:33.253 [info] FetcherService: Node fetch failed with status: 429 Too Many Requests
2026-05-03 21:26:33.254 [info] Unable to resolve optional EDU details. Status: 429 Too Many Requests
2026-05-03 21:26:33.402 [info] Getting sessions for all scopes...
2026-05-03 21:26:33.402 [info] Got 1 sessions for ...
2026-05-03 21:26:33.402 [info] Getting sessions for all scopes...
2026-05-03 21:26:33.402 [info] Got 1 sessions for ...
2026-05-03 21:26:33.583 [info] Getting sessions for all scopes...
2026-05-03 21:26:33.583 [info] Got 1 sessions for ...
2026-05-03 21:26:33.852 [info] Getting sessions for read:user,repo,user:email,workflow...
2026-05-03 21:26:33.853 [info] Got 1 sessions for read:user,repo,user:email,workflow...
2026-05-03 21:26:33.986 [info] Getting sessions for all scopes...
2026-05-03 21:26:33.986 [info] Got 1 sessions for ...
2026-05-03 21:26:34.017 [info] Getting sessions for all scopes...
2026-05-03 21:26:34.017 [info] Got 1 sessions for ...
2026-05-03 21:26:34.019 [info] Getting sessions for read:user,repo,user:email,workflow...
2026-05-03 21:26:34.019 [info] Got 1 sessions for read:user,repo,user:email,workflow...
2026-05-03 21:26:34.087 [info] Getting sessions for all scopes...
2026-05-03 21:26:34.087 [info] Got 1 sessions for ...
2026-05-03 21:26:34.087 [info] Getting sessions for all scopes...
2026-05-03 21:26:34.087 [info] Got 1 sessions for ...
2026-05-03 21:26:34.217 [info] Getting sessions for all scopes...
2026-05-03 21:26:34.217 [info] Got 1 sessions for ...
2026-05-03 21:26:34.218 [info] Getting sessions for read:user,repo,user:email,workflow...
2026-05-03 21:26:34.218 [info] Got 1 sessions for read:user,repo,user:email,workflow...
2026-05-03 21:26:34.337 [info] Getting sessions for all scopes...
2026-05-03 21:26:34.337 [info] Got 1 sessions for ...
2026-05-03 21:26:34.355 [info] Getting sessions for read:user,repo,user:email,workflow...
2026-05-03 21:26:34.355 [info] Got 1 sessions for read:user,repo,user:email,workflow...
2026-05-03 21:26:34.411 [info] Getting sessions for all scopes...
2026-05-03 21:26:34.411 [info] Got 1 sessions for ...
2026-05-03 21:26:34.412 [info] Getting sessions for read:user,repo,user:email,workflow...
2026-05-03 21:26:34.412 [info] Got 1 sessions for read:user,repo,user:email,workflow...
2026-05-03 21:26:34.489 [info] Getting sessions for all scopes...
2026-05-03 21:26:34.489 [info] Got 1 sessions for ...
2026-05-03 21:26:34.490 [info] Getting sessions for read:user,repo,user:email,workflow...
2026-05-03 21:26:34.490 [info] Got 1 sessions for read:user,repo,user:email,workflow...
2026-05-03 21:26:36.391 [info] Getting sessions for all scopes...
2026-05-03 21:26:36.392 [info] Got 1 sessions for ...
2026-05-03 21:26:36.393 [info] Getting sessions for all scopes...
2026-05-03 21:26:36.393 [info] Got 1 sessions for ...
